
UsersController
  GET #edit
    ログインユーザーの場合
[31m      レスポンスが成功すること (FAILED - 1)[0m
[31m      @userが正しく設定されていること (FAILED - 2)[0m

Bookモデルのテスト
  バリデーションのテスト
    titleカラム
[31m      空欄でないこと (FAILED - 3)[0m
    bodyカラム
[31m      空欄でないこと (FAILED - 4)[0m
[31m      200文字以下であること: 200文字は〇 (FAILED - 5)[0m
[31m      200文字以下であること: 201文字は× (FAILED - 6)[0m
  アソシエーションのテスト
    Userモデルとの関係
[32m      N:1となっている[0m

Userモデルのテスト
  バリデーションのテスト
    nameカラム
[31m      空欄でないこと (FAILED - 7)[0m
[31m      2文字以上であること: 1文字は× (FAILED - 8)[0m
[31m      2文字以上であること: 2文字は〇 (FAILED - 9)[0m
[31m      20文字以下であること: 20文字は〇 (FAILED - 10)[0m
[31m      20文字以下であること: 21文字は× (FAILED - 11)[0m
[31m      一意性があること (FAILED - 12)[0m
    introductionカラム
[31m      50文字以下であること: 50文字は〇 (FAILED - 13)[0m
[31m      50文字以下であること: 51文字は× (FAILED - 14)[0m
  アソシエーションのテスト
    Bookモデルとの関係
[32m      1:Nとなっている[0m

[STEP1] ユーザログイン前のテスト
  トップ画面のテスト
    表示内容の確認
[31m      URLが正しい (FAILED - 15)[0m
[31m      Log inリンクが表示される: 青色のボタンの表示が「Log in」である (FAILED - 16)[0m
[31m      Log inリンクの内容が正しい (FAILED - 17)[0m
[31m      Sign upリンクが表示される: 緑色のボタンの表示が「Sign up」である (FAILED - 18)[0m
[31m      Sign upリンクの内容が正しい (FAILED - 19)[0m
  アバウト画面のテスト
    表示内容の確認
[31m      URLが正しい (FAILED - 20)[0m
  ヘッダーのテスト: ログインしていない場合
    表示内容の確認
[31m      Bookersリンクが表示される: 左上から1番目のリンクが「Bookers」である (FAILED - 21)[0m
[31m      Homeリンクが表示される: 左上から2番目のリンクが「Home」である (FAILED - 22)[0m
[31m      Aboutリンクが表示される: 左上から3番目のリンクが「About」である (FAILED - 23)[0m
[31m      Sign upリンクが表示される: 左上から4番目のリンクが「Sign up」である (FAILED - 24)[0m
[31m      Log inリンクが表示される: 左上から5番目のリンクが「Log in」である (FAILED - 25)[0m
    リンクの内容を確認
[31m      Bookersを押すと、トップ画面に遷移する (FAILED - 26)[0m
[31m      Homeを押すと、トップ画面に遷移する (FAILED - 27)[0m
[31m      Aboutを押すと、アバウト画面に遷移する (FAILED - 28)[0m
[31m      Sign upを押すと、新規登録画面に遷移する (FAILED - 29)[0m
[31m      Log inを押すと、ログイン画面に遷移する (FAILED - 30)[0m
  ユーザ新規登録のテスト
    表示内容の確認
[31m      URLが正しい (FAILED - 31)[0m
[31m      「Sign up」と表示される (FAILED - 32)[0m
[31m      nameフォームが表示される (FAILED - 33)[0m
[31m      emailフォームが表示される (FAILED - 34)[0m
[31m      passwordフォームが表示される (FAILED - 35)[0m
[31m      password_confirmationフォームが表示される (FAILED - 36)[0m
[31m      Sign upボタンが表示される (FAILED - 37)[0m
    新規登録成功のテスト
[31m      正しく新規登録される (FAILED - 38)[0m
[31m      新規登録後のリダイレクト先が、新規登録できたユーザの詳細画面になっている (FAILED - 39)[0m
  ユーザログイン
    表示内容の確認
[31m      URLが正しい (FAILED - 40)[0m
[31m      「Log in」と表示される (FAILED - 41)[0m
[31m      nameフォームが表示される (FAILED - 42)[0m
[31m      passwordフォームが表示される (FAILED - 43)[0m
[31m      Log inボタンが表示される (FAILED - 44)[0m
[31m      emailフォームは表示されない (FAILED - 45)[0m
    ログイン成功のテスト
[31m      ログイン後のリダイレクト先が、ログインしたユーザの詳細画面になっている (FAILED - 46)[0m
    ログイン失敗のテスト
[31m      ログインに失敗し、ログイン画面にリダイレクトされる (FAILED - 47)[0m
  ヘッダーのテスト: ログインしている場合
    ヘッダーの表示を確認
[31m      Bookersリンクが表示される: 左上から1番目のリンクが「Bookers」である (FAILED - 48)[0m
[31m      Homeリンクが表示される: 左上から2番目のリンクが「Home」である (FAILED - 49)[0m
[31m      Usersリンクが表示される: 左上から3番目のリンクが「Users」である (FAILED - 50)[0m
[31m      Booksリンクが表示される: 左上から4番目のリンクが「Books」である (FAILED - 51)[0m
[31m      Log outリンクが表示される: 左上から5番目のリンクが「Log out」である (FAILED - 52)[0m
  ユーザログアウトのテスト
    ログアウト機能のテスト
[31m      正しくログアウトできている: ログアウト後のリダイレクト先においてAbout画面へのリンクが存在する (FAILED - 53)[0m
[31m      ログアウト後のリダイレクト先が、トップになっている (FAILED - 54)[0m

[STEP2] ユーザログイン後のテスト
  ヘッダーのテスト: ログインしている場合
    リンクの内容を確認: ※logoutは『ユーザログアウトのテスト』でテスト済みになります。
[31m      Homeを押すと、自分のユーザ詳細画面に遷移する (FAILED - 55)[0m
[31m      Usersを押すと、ユーザ一覧画面に遷移する (FAILED - 56)[0m
[31m      Booksを押すと、投稿一覧画面に遷移する (FAILED - 57)[0m
  投稿一覧画面のテスト
    表示内容の確認
[31m      URLが正しい (FAILED - 58)[0m
[31m      自分と他人の画像のリンク先が正しい (FAILED - 59)[0m
[31m      自分の投稿と他人の投稿のタイトルのリンク先がそれぞれ正しい (FAILED - 60)[0m
[31m      自分の投稿と他人の投稿のオピニオンが表示される (FAILED - 61)[0m
    サイドバーの確認
[31m      自分の名前と紹介文が表示される (FAILED - 62)[0m
[31m      自分のユーザ編集画面へのリンクが存在する (FAILED - 63)[0m
[31m      「New book」と表示される (FAILED - 64)[0m
[31m      titleフォームが表示される (FAILED - 65)[0m
[31m      titleフォームに値が入っていない (FAILED - 66)[0m
[31m      bodyフォームが表示される (FAILED - 67)[0m
[31m      bodyフォームに値が入っていない (FAILED - 68)[0m
[31m      Create Bookボタンが表示される (FAILED - 69)[0m
    投稿成功のテスト
[31m      自分の新しい投稿が正しく保存される (FAILED - 70)[0m
[31m      リダイレクト先が、保存できた投稿の詳細画面になっている (FAILED - 71)[0m
  自分の投稿詳細画面のテスト
    表示内容の確認
[31m      URLが正しい (FAILED - 72)[0m
[31m      「Book detail」と表示される (FAILED - 73)[0m
[31m      ユーザ画像・名前のリンク先が正しい (FAILED - 74)[0m
[31m      投稿のtitleが表示される (FAILED - 75)[0m
[31m      投稿のbodyが表示される (FAILED - 76)[0m
[31m      投稿の編集リンクが表示される (FAILED - 77)[0m
[31m      投稿の削除リンクが表示される (FAILED - 78)[0m
    サイドバーの確認
[31m      自分の名前と紹介文が表示される (FAILED - 79)[0m
[31m      自分のユーザ編集画面へのリンクが存在する (FAILED - 80)[0m
[31m      「New book」と表示される (FAILED - 81)[0m
[31m      titleフォームが表示される (FAILED - 82)[0m
[31m      titleフォームに値が入っていない (FAILED - 83)[0m
[31m      bodyフォームが表示される (FAILED - 84)[0m
[31m      bodyフォームに値が入っていない (FAILED - 85)[0m
[31m      Create Bookボタンが表示される (FAILED - 86)[0m
    投稿成功のテスト
[31m      自分の新しい投稿が正しく保存される (FAILED - 87)[0m
    編集リンクのテスト
[31m      編集画面に遷移する (FAILED - 88)[0m
    削除リンクのテスト
[31m      application.html.erbにjavascript_pack_tagを含んでいる (FAILED - 89)[0m
[31m      正しく削除される (FAILED - 90)[0m
[31m      リダイレクト先が、投稿一覧画面になっている (FAILED - 91)[0m
  自分の投稿編集画面のテスト
    表示の確認
[31m      URLが正しい (FAILED - 92)[0m
[31m      「Editing Book」と表示される (FAILED - 93)[0m
[31m      title編集フォームが表示される (FAILED - 94)[0m
[31m      body編集フォームが表示される (FAILED - 95)[0m
[31m      Update Bookボタンが表示される (FAILED - 96)[0m
[31m      Showリンクが表示される (FAILED - 97)[0m
[31m      Backリンクが表示される (FAILED - 98)[0m
    編集成功のテスト
[31m      titleが正しく更新される (FAILED - 99)[0m
[31m      bodyが正しく更新される (FAILED - 100)[0m
[31m      リダイレクト先が、更新した投稿の詳細画面になっている (FAILED - 101)[0m
  ユーザ一覧画面のテスト
    表示内容の確認
[31m      URLが正しい (FAILED - 102)[0m
[31m      自分と他人の画像が表示される: fallbackの画像がサイドバーの1つ＋一覧(2人)の2つの計3つ存在する (FAILED - 103)[0m
[31m      自分と他人の名前がそれぞれ表示される (FAILED - 104)[0m
[31m      自分と他人のshowリンクがそれぞれ表示される (FAILED - 105)[0m
    サイドバーの確認
[31m      自分の名前と紹介文が表示される (FAILED - 106)[0m
[31m      自分のユーザ編集画面へのリンクが存在する (FAILED - 107)[0m
[31m      「New book」と表示される (FAILED - 108)[0m
[31m      titleフォームが表示される (FAILED - 109)[0m
[31m      titleフォームに値が入っていない (FAILED - 110)[0m
[31m      bodyフォームが表示される (FAILED - 111)[0m
[31m      bodyフォームに値が入っていない (FAILED - 112)[0m
[31m      Create Bookボタンが表示される (FAILED - 113)[0m
  自分のユーザ詳細画面のテスト
    表示の確認
[31m      URLが正しい (FAILED - 114)[0m
[31m      投稿一覧のユーザ画像のリンク先が正しい (FAILED - 115)[0m
[31m      投稿一覧に自分の投稿のtitleが表示され、リンクが正しい (FAILED - 116)[0m
[31m      投稿一覧に自分の投稿のbodyが表示される (FAILED - 117)[0m
[31m      他人の投稿は表示されない (FAILED - 118)[0m
    サイドバーの確認
[31m      自分の名前と紹介文が表示される (FAILED - 119)[0m
[31m      自分のユーザ編集画面へのリンクが存在する (FAILED - 120)[0m
[31m      「New book」と表示される (FAILED - 121)[0m
[31m      titleフォームが表示される (FAILED - 122)[0m
[31m      titleフォームに値が入っていない (FAILED - 123)[0m
[31m      bodyフォームが表示される (FAILED - 124)[0m
[31m      bodyフォームに値が入っていない (FAILED - 125)[0m
[31m      Create Bookボタンが表示される (FAILED - 126)[0m
  自分のユーザ情報編集画面のテスト
    表示の確認
[31m      URLが正しい (FAILED - 127)[0m
[31m      名前編集フォームに自分の名前が表示される (FAILED - 128)[0m
[31m      画像編集フォームが表示される (FAILED - 129)[0m
[31m      自己紹介編集フォームに自分の自己紹介文が表示される (FAILED - 130)[0m
[31m      Update Userボタンが表示される (FAILED - 131)[0m
    更新成功のテスト
[31m      nameが正しく更新される (FAILED - 132)[0m
[31m      introductionが正しく更新される (FAILED - 133)[0m
[31m      リダイレクト先が、自分のユーザ詳細画面になっている (FAILED - 134)[0m

[STEP3] 仕上げのテスト
  サクセスメッセージのテスト
[31m    ユーザ新規登録成功時 (FAILED - 135)[0m
[31m    ユーザログイン成功時 (FAILED - 136)[0m
[31m    ユーザログアウト成功時 (FAILED - 137)[0m
[31m    ユーザのプロフィール情報更新成功時 (FAILED - 138)[0m
[31m    投稿データの新規投稿成功時: 投稿一覧画面から行います。 (FAILED - 139)[0m
[31m    投稿データの更新成功時 (FAILED - 140)[0m
  処理失敗時のテスト
    ユーザ新規登録失敗: nameを1文字にする
[31m      新規登録されない (FAILED - 141)[0m
[31m      新規登録画面を表示しており、フォームの内容が正しい (FAILED - 142)[0m
[31m      バリデーションエラーが表示される (FAILED - 143)[0m
    ユーザのプロフィール情報編集失敗: nameを1文字にする
[31m      更新されない (FAILED - 144)[0m
[31m      ユーザ編集画面を表示しており、フォームの内容が正しい (FAILED - 145)[0m
[31m      バリデーションエラーが表示される (FAILED - 146)[0m
    投稿データの新規投稿失敗: 投稿一覧画面から行い、titleを空にする
[31m      投稿が保存されない (FAILED - 147)[0m
[31m      投稿一覧画面を表示している (FAILED - 148)[0m
[31m      新規投稿フォームの内容が正しい (FAILED - 149)[0m
[31m      バリデーションエラーが表示される (FAILED - 150)[0m
    投稿データの更新失敗: titleを空にする
[31m      投稿が更新されない (FAILED - 151)[0m
[31m      投稿編集画面を表示しており、フォームの内容が正しい (FAILED - 152)[0m
[31m      エラーメッセージが表示される (FAILED - 153)[0m
  ログインしていない場合のアクセス制限のテスト: アクセスできず、ログイン画面に遷移する
[31m    ユーザ一覧画面 (FAILED - 154)[0m
[31m    ユーザ詳細画面 (FAILED - 155)[0m
[31m    ユーザ情報編集画面 (FAILED - 156)[0m
[31m    投稿一覧画面 (FAILED - 157)[0m
[31m    投稿詳細画面 (FAILED - 158)[0m
[31m    投稿編集画面 (FAILED - 159)[0m
  他人の画面のテスト
    他人の投稿詳細画面のテスト
      表示内容の確認
[31m        URLが正しい (FAILED - 160)[0m
[31m        「Book detail」と表示される (FAILED - 161)[0m
[31m        ユーザ画像・名前のリンク先が正しい (FAILED - 162)[0m
[31m        投稿のtitleが表示される (FAILED - 163)[0m
[31m        投稿のopinionが表示される (FAILED - 164)[0m
[31m        投稿の編集リンクが表示されない (FAILED - 165)[0m
[31m        投稿の削除リンクが表示されない (FAILED - 166)[0m
      サイドバーの確認
[31m        他人の名前と紹介文が表示される (FAILED - 167)[0m
[31m        他人のユーザ編集画面へのリンクが存在する (FAILED - 168)[0m
[31m        自分の名前と紹介文は表示されない (FAILED - 169)[0m
[31m        自分のユーザ編集画面へのリンクは存在しない (FAILED - 170)[0m
    他人の投稿編集画面
[31m      遷移できず、投稿一覧画面にリダイレクトされる (FAILED - 171)[0m
    他人のユーザ詳細画面のテスト
      表示の確認
[31m        URLが正しい (FAILED - 172)[0m
[31m        投稿一覧のユーザ画像のリンク先が正しい (FAILED - 173)[0m
[31m        投稿一覧に他人の投稿のtitleが表示され、リンクが正しい (FAILED - 174)[0m
[31m        投稿一覧に他人の投稿のopinionが表示される (FAILED - 175)[0m
[31m        自分の投稿は表示されない (FAILED - 176)[0m
      サイドバーの確認
[31m        他人の名前と紹介文が表示される (FAILED - 177)[0m
[31m        他人のユーザ編集画面へのリンクが存在する (FAILED - 178)[0m
[31m        自分の名前と紹介文は表示されない (FAILED - 179)[0m
[31m        自分のユーザ編集画面へのリンクは存在しない (FAILED - 180)[0m
    他人のユーザ情報編集画面
[31m      遷移できず、自分のユーザ詳細画面にリダイレクトされる (FAILED - 181)[0m
  グリッドシステムのテスト: container, row, col-md-〇を正しく使えている
[31m    ユーザ一覧画面 (FAILED - 182)[0m
[31m    ユーザ詳細画面 (FAILED - 183)[0m
[31m    投稿一覧画面 (FAILED - 184)[0m
[31m    投稿詳細画面 (FAILED - 185)[0m
  アイコンのテスト
    トップ画面
[31m      本のアイコンが表示される (FAILED - 186)[0m
    アバウト画面
[31m      本のアイコンが表示される (FAILED - 187)[0m
    ヘッダー: ログインしていない場合
[31m      Homeリンクのアイコンが表示される (FAILED - 188)[0m
[31m      Aboutリンクのアイコンが表示される (FAILED - 189)[0m
[31m      Sign upリンクのアイコンが表示される (FAILED - 190)[0m
[31m      Log inリンクのアイコンが表示される (FAILED - 191)[0m
    ヘッダー: ログインしている場合
[31m      Homeリンクのアイコンが表示される (FAILED - 192)[0m
[31m      Usersリンクのアイコンが表示される (FAILED - 193)[0m
[31m      Booksリンクのアイコンが表示される (FAILED - 194)[0m
[31m      Log outリンクのアイコンが表示される (FAILED - 195)[0m
    サイドバー
[31m      ユーザ一覧画面でレンチアイコンが表示される (FAILED - 196)[0m
[31m      ユーザ詳細画面でレンチアイコンが表示される (FAILED - 197)[0m
[31m      投稿一覧画面でレンチアイコンが表示される (FAILED - 198)[0m
[31m      投稿詳細画面でレンチアイコンが表示される (FAILED - 199)[0m

Failures:

  1) UsersController GET #edit ログインユーザーの場合 レスポンスが成功すること
     [31mFailure/Error: let!(:user) { create(:user) }[0m
     [31m[0m
     [31mNoMethodError:[0m
     [31m  undefined method `create' for #<RSpec::ExampleGroups::UsersController::GETEdit::Nested "レスポンスが成功すること" (./spec/spec 2/controllers/users_controller_spec.rb:14)>[0m
     [36m# ./spec/spec 2/controllers/users_controller_spec.rb:4:in `block (2 levels) in <top (required)>'[0m

  2) UsersController GET #edit ログインユーザーの場合 @userが正しく設定されていること
     [31mFailure/Error: let!(:user) { create(:user) }[0m
     [31m[0m
     [31mNoMethodError:[0m
     [31m  undefined method `create' for #<RSpec::ExampleGroups::UsersController::GETEdit::Nested "@userが正しく設定されていること" (./spec/spec 2/controllers/users_controller_spec.rb:18)>[0m
     [36m# ./spec/spec 2/controllers/users_controller_spec.rb:4:in `block (2 levels) in <top (required)>'[0m

  3) Bookモデルのテスト バリデーションのテスト titleカラム 空欄でないこと
     [31mFailure/Error: let(:user) { create(:user) }[0m
     [31m[0m
     [31mNoMethodError:[0m
     [31m  undefined method `create' for #<RSpec::ExampleGroups::Book::Nested::Title "空欄でないこと" (./spec/spec 2/models/book_spec.rb:11)>[0m
     [36m# ./spec/spec 2/models/book_spec.rb:7:in `block (3 levels) in <main>'[0m
     [36m# ./spec/spec 2/models/book_spec.rb:8:in `block (3 levels) in <main>'[0m

  4) Bookモデルのテスト バリデーションのテスト bodyカラム 空欄でないこと
     [31mFailure/Error: let(:user) { create(:user) }[0m
     [31m[0m
     [31mNoMethodError:[0m
     [31m  undefined method `create' for #<RSpec::ExampleGroups::Book::Nested::Body "空欄でないこと" (./spec/spec 2/models/book_spec.rb:18)>[0m
     [36m# ./spec/spec 2/models/book_spec.rb:7:in `block (3 levels) in <main>'[0m
     [36m# ./spec/spec 2/models/book_spec.rb:8:in `block (3 levels) in <main>'[0m

  5) Bookモデルのテスト バリデーションのテスト bodyカラム 200文字以下であること: 200文字は〇
     [31mFailure/Error: let(:user) { create(:user) }[0m
     [31m[0m
     [31mNoMethodError:[0m
     [31m  undefined method `create' for #<RSpec::ExampleGroups::Book::Nested::Body "200文字以下であること: 200文字は〇" (./spec/spec 2/models/book_spec.rb:22)>[0m
     [36m# ./spec/spec 2/models/book_spec.rb:7:in `block (3 levels) in <main>'[0m
     [36m# ./spec/spec 2/models/book_spec.rb:8:in `block (3 levels) in <main>'[0m

  6) Bookモデルのテスト バリデーションのテスト bodyカラム 200文字以下であること: 201文字は×
     [31mFailure/Error: let(:user) { create(:user) }[0m
     [31m[0m
     [31mNoMethodError:[0m
     [31m  undefined method `create' for #<RSpec::ExampleGroups::Book::Nested::Body "200文字以下であること: 201文字は×" (./spec/spec 2/models/book_spec.rb:26)>[0m
     [36m# ./spec/spec 2/models/book_spec.rb:7:in `block (3 levels) in <main>'[0m
     [36m# ./spec/spec 2/models/book_spec.rb:8:in `block (3 levels) in <main>'[0m

  7) Userモデルのテスト バリデーションのテスト nameカラム 空欄でないこと
     [31mFailure/Error: let!(:other_user) { create(:user) }[0m
     [31m[0m
     [31mNoMethodError:[0m
     [31m  undefined method `create' for #<RSpec::ExampleGroups::User::Nested::Name "空欄でないこと" (./spec/spec 2/models/user_spec.rb:11)>[0m
     [36m# ./spec/spec 2/models/user_spec.rb:7:in `block (3 levels) in <main>'[0m

  8) Userモデルのテスト バリデーションのテスト nameカラム 2文字以上であること: 1文字は×
     [31mFailure/Error: let!(:other_user) { create(:user) }[0m
     [31m[0m
     [31mNoMethodError:[0m
     [31m  undefined method `create' for #<RSpec::ExampleGroups::User::Nested::Name "2文字以上であること: 1文字は×" (./spec/spec 2/models/user_spec.rb:15)>[0m
     [36m# ./spec/spec 2/models/user_spec.rb:7:in `block (3 levels) in <main>'[0m

  9) Userモデルのテスト バリデーションのテスト nameカラム 2文字以上であること: 2文字は〇
     [31mFailure/Error: let!(:other_user) { create(:user) }[0m
     [31m[0m
     [31mNoMethodError:[0m
     [31m  undefined method `create' for #<RSpec::ExampleGroups::User::Nested::Name "2文字以上であること: 2文字は〇" (./spec/spec 2/models/user_spec.rb:19)>[0m
     [36m# ./spec/spec 2/models/user_spec.rb:7:in `block (3 levels) in <main>'[0m

  10) Userモデルのテスト バリデーションのテスト nameカラム 20文字以下であること: 20文字は〇
      [31mFailure/Error: let!(:other_user) { create(:user) }[0m
      [31m[0m
      [31mNoMethodError:[0m
      [31m  undefined method `create' for #<RSpec::ExampleGroups::User::Nested::Name "20文字以下であること: 20文字は〇" (./spec/spec 2/models/user_spec.rb:23)>[0m
      [36m# ./spec/spec 2/models/user_spec.rb:7:in `block (3 levels) in <main>'[0m

  11) Userモデルのテスト バリデーションのテスト nameカラム 20文字以下であること: 21文字は×
      [31mFailure/Error: let!(:other_user) { create(:user) }[0m
      [31m[0m
      [31mNoMethodError:[0m
      [31m  undefined method `create' for #<RSpec::ExampleGroups::User::Nested::Name "20文字以下であること: 21文字は×" (./spec/spec 2/models/user_spec.rb:27)>[0m
      [36m# ./spec/spec 2/models/user_spec.rb:7:in `block (3 levels) in <main>'[0m

  12) Userモデルのテスト バリデーションのテスト nameカラム 一意性があること
      [31mFailure/Error: let!(:other_user) { create(:user) }[0m
      [31m[0m
      [31mNoMethodError:[0m
      [31m  undefined method `create' for #<RSpec::ExampleGroups::User::Nested::Name "一意性があること" (./spec/spec 2/models/user_spec.rb:31)>[0m
      [36m# ./spec/spec 2/models/user_spec.rb:7:in `block (3 levels) in <main>'[0m

  13) Userモデルのテスト バリデーションのテスト introductionカラム 50文字以下であること: 50文字は〇
      [31mFailure/Error: let!(:other_user) { create(:user) }[0m
      [31m[0m
      [31mNoMethodError:[0m
      [31m  undefined method `create' for #<RSpec::ExampleGroups::User::Nested::Introduction "50文字以下であること: 50文字は〇" (./spec/spec 2/models/user_spec.rb:38)>[0m
      [36m# ./spec/spec 2/models/user_spec.rb:7:in `block (3 levels) in <main>'[0m

  14) Userモデルのテスト バリデーションのテスト introductionカラム 50文字以下であること: 51文字は×
      [31mFailure/Error: let!(:other_user) { create(:user) }[0m
      [31m[0m
      [31mNoMethodError:[0m
      [31m  undefined method `create' for #<RSpec::ExampleGroups::User::Nested::Introduction "50文字以下であること: 51文字は×" (./spec/spec 2/models/user_spec.rb:42)>[0m
      [36m# ./spec/spec 2/models/user_spec.rb:7:in `block (3 levels) in <main>'[0m

  15) [STEP1] ユーザログイン前のテスト トップ画面のテスト 表示内容の確認 URLが正しい
      [31mFailure/Error: visit root_path[0m
      [31m[0m
      [31mNameError:[0m
      [31m  undefined local variable or method `root_path' for #<RSpec::ExampleGroups::STEP1::Nested::Nested "URLが正しい" (./spec/spec 2/system/01_before_login_spec.rb:10)>[0m
      [36m# ./spec/spec 2/system/01_before_login_spec.rb:6:in `block (3 levels) in <main>'[0m

  16) [STEP1] ユーザログイン前のテスト トップ画面のテスト 表示内容の確認 Log inリンクが表示される: 青色のボタンの表示が「Log in」である
      [31mFailure/Error: visit root_path[0m
      [31m[0m
      [31mNameError:[0m
      [31m  undefined local variable or method `root_path' for #<RSpec::ExampleGroups::STEP1::Nested::Nested "Log inリンクが表示される: 青色のボタンの表示が「Log in」である" (./spec/spec 2/system/01_before_login_spec.rb:13)>[0m
      [36m# ./spec/spec 2/system/01_before_login_spec.rb:6:in `block (3 levels) in <main>'[0m

  17) [STEP1] ユーザログイン前のテスト トップ画面のテスト 表示内容の確認 Log inリンクの内容が正しい
      [31mFailure/Error: visit root_path[0m
      [31m[0m
      [31mNameError:[0m
      [31m  undefined local variable or method `root_path' for #<RSpec::ExampleGroups::STEP1::Nested::Nested "Log inリンクの内容が正しい" (./spec/spec 2/system/01_before_login_spec.rb:17)>[0m
      [36m# ./spec/spec 2/system/01_before_login_spec.rb:6:in `block (3 levels) in <main>'[0m

  18) [STEP1] ユーザログイン前のテスト トップ画面のテスト 表示内容の確認 Sign upリンクが表示される: 緑色のボタンの表示が「Sign up」である
      [31mFailure/Error: visit root_path[0m
      [31m[0m
      [31mNameError:[0m
      [31m  undefined local variable or method `root_path' for #<RSpec::ExampleGroups::STEP1::Nested::Nested "Sign upリンクが表示される: 緑色のボタンの表示が「Sign up」である" (./spec/spec 2/system/01_before_login_spec.rb:21)>[0m
      [36m# ./spec/spec 2/system/01_before_login_spec.rb:6:in `block (3 levels) in <main>'[0m

  19) [STEP1] ユーザログイン前のテスト トップ画面のテスト 表示内容の確認 Sign upリンクの内容が正しい
      [31mFailure/Error: visit root_path[0m
      [31m[0m
      [31mNameError:[0m
      [31m  undefined local variable or method `root_path' for #<RSpec::ExampleGroups::STEP1::Nested::Nested "Sign upリンクの内容が正しい" (./spec/spec 2/system/01_before_login_spec.rb:25)>[0m
      [36m# ./spec/spec 2/system/01_before_login_spec.rb:6:in `block (3 levels) in <main>'[0m

  20) [STEP1] ユーザログイン前のテスト アバウト画面のテスト 表示内容の確認 URLが正しい
      [31mFailure/Error: visit '/home/about'[0m
      [31m[0m
      [31mNoMethodError:[0m
      [31m  undefined method `visit' for #<RSpec::ExampleGroups::STEP1::Nested_2::Nested "URLが正しい" (./spec/spec 2/system/01_before_login_spec.rb:38)>[0m
      [36m# ./spec/spec 2/system/01_before_login_spec.rb:34:in `block (3 levels) in <main>'[0m

  21) [STEP1] ユーザログイン前のテスト ヘッダーのテスト: ログインしていない場合 表示内容の確認 Bookersリンクが表示される: 左上から1番目のリンクが「Bookers」である
      [31mFailure/Error: visit root_path[0m
      [31m[0m
      [31mNameError:[0m
      [31m  undefined local variable or method `root_path' for #<RSpec::ExampleGroups::STEP1::Nested_3::Nested "Bookersリンクが表示される: 左上から1番目のリンクが「Bookers」である" (./spec/spec 2/system/01_before_login_spec.rb:50)>[0m
      [36m# ./spec/spec 2/system/01_before_login_spec.rb:46:in `block (3 levels) in <main>'[0m

  22) [STEP1] ユーザログイン前のテスト ヘッダーのテスト: ログインしていない場合 表示内容の確認 Homeリンクが表示される: 左上から2番目のリンクが「Home」である
      [31mFailure/Error: visit root_path[0m
      [31m[0m
      [31mNameError:[0m
      [31m  undefined local variable or method `root_path' for #<RSpec::ExampleGroups::STEP1::Nested_3::Nested "Homeリンクが表示される: 左上から2番目のリンクが「Home」である" (./spec/spec 2/system/01_before_login_spec.rb:54)>[0m
      [36m# ./spec/spec 2/system/01_before_login_spec.rb:46:in `block (3 levels) in <main>'[0m

  23) [STEP1] ユーザログイン前のテスト ヘッダーのテスト: ログインしていない場合 表示内容の確認 Aboutリンクが表示される: 左上から3番目のリンクが「About」である
      [31mFailure/Error: visit root_path[0m
      [31m[0m
      [31mNameError:[0m
      [31m  undefined local variable or method `root_path' for #<RSpec::ExampleGroups::STEP1::Nested_3::Nested "Aboutリンクが表示される: 左上から3番目のリンクが「About」である" (./spec/spec 2/system/01_before_login_spec.rb:58)>[0m
      [36m# ./spec/spec 2/system/01_before_login_spec.rb:46:in `block (3 levels) in <main>'[0m

  24) [STEP1] ユーザログイン前のテスト ヘッダーのテスト: ログインしていない場合 表示内容の確認 Sign upリンクが表示される: 左上から4番目のリンクが「Sign up」である
      [31mFailure/Error: visit root_path[0m
      [31m[0m
      [31mNameError:[0m
      [31m  undefined local variable or method `root_path' for #<RSpec::ExampleGroups::STEP1::Nested_3::Nested "Sign upリンクが表示される: 左上から4番目のリンクが「Sign up」である" (./spec/spec 2/system/01_before_login_spec.rb:62)>[0m
      [36m# ./spec/spec 2/system/01_before_login_spec.rb:46:in `block (3 levels) in <main>'[0m

  25) [STEP1] ユーザログイン前のテスト ヘッダーのテスト: ログインしていない場合 表示内容の確認 Log inリンクが表示される: 左上から5番目のリンクが「Log in」である
      [31mFailure/Error: visit root_path[0m
      [31m[0m
      [31mNameError:[0m
      [31m  undefined local variable or method `root_path' for #<RSpec::ExampleGroups::STEP1::Nested_3::Nested "Log inリンクが表示される: 左上から5番目のリンクが「Log in」である" (./spec/spec 2/system/01_before_login_spec.rb:66)>[0m
      [36m# ./spec/spec 2/system/01_before_login_spec.rb:46:in `block (3 levels) in <main>'[0m

  26) [STEP1] ユーザログイン前のテスト ヘッダーのテスト: ログインしていない場合 リンクの内容を確認 Bookersを押すと、トップ画面に遷移する
      [31mFailure/Error: visit root_path[0m
      [31m[0m
      [31mNameError:[0m
      [31m  undefined local variable or method `root_path' for #<RSpec::ExampleGroups::STEP1::Nested_3::Nested_2 "Bookersを押すと、トップ画面に遷移する" (./spec/spec 2/system/01_before_login_spec.rb:75)>[0m
      [36m# ./spec/spec 2/system/01_before_login_spec.rb:46:in `block (3 levels) in <main>'[0m

  27) [STEP1] ユーザログイン前のテスト ヘッダーのテスト: ログインしていない場合 リンクの内容を確認 Homeを押すと、トップ画面に遷移する
      [31mFailure/Error: visit root_path[0m
      [31m[0m
      [31mNameError:[0m
      [31m  undefined local variable or method `root_path' for #<RSpec::ExampleGroups::STEP1::Nested_3::Nested_2 "Homeを押すと、トップ画面に遷移する" (./spec/spec 2/system/01_before_login_spec.rb:82)>[0m
      [36m# ./spec/spec 2/system/01_before_login_spec.rb:46:in `block (3 levels) in <main>'[0m

  28) [STEP1] ユーザログイン前のテスト ヘッダーのテスト: ログインしていない場合 リンクの内容を確認 Aboutを押すと、アバウト画面に遷移する
      [31mFailure/Error: visit root_path[0m
      [31m[0m
      [31mNameError:[0m
      [31m  undefined local variable or method `root_path' for #<RSpec::ExampleGroups::STEP1::Nested_3::Nested_2 "Aboutを押すと、アバウト画面に遷移する" (./spec/spec 2/system/01_before_login_spec.rb:89)>[0m
      [36m# ./spec/spec 2/system/01_before_login_spec.rb:46:in `block (3 levels) in <main>'[0m

  29) [STEP1] ユーザログイン前のテスト ヘッダーのテスト: ログインしていない場合 リンクの内容を確認 Sign upを押すと、新規登録画面に遷移する
      [31mFailure/Error: visit root_path[0m
      [31m[0m
      [31mNameError:[0m
      [31m  undefined local variable or method `root_path' for #<RSpec::ExampleGroups::STEP1::Nested_3::Nested_2 "Sign upを押すと、新規登録画面に遷移する" (./spec/spec 2/system/01_before_login_spec.rb:95)>[0m
      [36m# ./spec/spec 2/system/01_before_login_spec.rb:46:in `block (3 levels) in <main>'[0m

  30) [STEP1] ユーザログイン前のテスト ヘッダーのテスト: ログインしていない場合 リンクの内容を確認 Log inを押すと、ログイン画面に遷移する
      [31mFailure/Error: visit root_path[0m
      [31m[0m
      [31mNameError:[0m
      [31m  undefined local variable or method `root_path' for #<RSpec::ExampleGroups::STEP1::Nested_3::Nested_2 "Log inを押すと、ログイン画面に遷移する" (./spec/spec 2/system/01_before_login_spec.rb:101)>[0m
      [36m# ./spec/spec 2/system/01_before_login_spec.rb:46:in `block (3 levels) in <main>'[0m

  31) [STEP1] ユーザログイン前のテスト ユーザ新規登録のテスト 表示内容の確認 URLが正しい
      [31mFailure/Error: visit new_user_registration_path[0m
      [31m[0m
      [31mNameError:[0m
      [31m  undefined local variable or method `new_user_registration_path' for #<RSpec::ExampleGroups::STEP1::Nested_4::Nested "URLが正しい" (./spec/spec 2/system/01_before_login_spec.rb:116)>[0m
      [36m# ./spec/spec 2/system/01_before_login_spec.rb:112:in `block (3 levels) in <main>'[0m

  32) [STEP1] ユーザログイン前のテスト ユーザ新規登録のテスト 表示内容の確認 「Sign up」と表示される
      [31mFailure/Error: visit new_user_registration_path[0m
      [31m[0m
      [31mNameError:[0m
      [31m  undefined local variable or method `new_user_registration_path' for #<RSpec::ExampleGroups::STEP1::Nested_4::Nested "「Sign up」と表示される" (./spec/spec 2/system/01_before_login_spec.rb:119)>[0m
      [36m# ./spec/spec 2/system/01_before_login_spec.rb:112:in `block (3 levels) in <main>'[0m

  33) [STEP1] ユーザログイン前のテスト ユーザ新規登録のテスト 表示内容の確認 nameフォームが表示される
      [31mFailure/Error: visit new_user_registration_path[0m
      [31m[0m
      [31mNameError:[0m
      [31m  undefined local variable or method `new_user_registration_path' for #<RSpec::ExampleGroups::STEP1::Nested_4::Nested "nameフォームが表示される" (./spec/spec 2/system/01_before_login_spec.rb:122)>[0m
      [36m# ./spec/spec 2/system/01_before_login_spec.rb:112:in `block (3 levels) in <main>'[0m

  34) [STEP1] ユーザログイン前のテスト ユーザ新規登録のテスト 表示内容の確認 emailフォームが表示される
      [31mFailure/Error: visit new_user_registration_path[0m
      [31m[0m
      [31mNameError:[0m
      [31m  undefined local variable or method `new_user_registration_path' for #<RSpec::ExampleGroups::STEP1::Nested_4::Nested "emailフォームが表示される" (./spec/spec 2/system/01_before_login_spec.rb:125)>[0m
      [36m# ./spec/spec 2/system/01_before_login_spec.rb:112:in `block (3 levels) in <main>'[0m

  35) [STEP1] ユーザログイン前のテスト ユーザ新規登録のテスト 表示内容の確認 passwordフォームが表示される
      [31mFailure/Error: visit new_user_registration_path[0m
      [31m[0m
      [31mNameError:[0m
      [31m  undefined local variable or method `new_user_registration_path' for #<RSpec::ExampleGroups::STEP1::Nested_4::Nested "passwordフォームが表示される" (./spec/spec 2/system/01_before_login_spec.rb:128)>[0m
      [36m# ./spec/spec 2/system/01_before_login_spec.rb:112:in `block (3 levels) in <main>'[0m

  36) [STEP1] ユーザログイン前のテスト ユーザ新規登録のテスト 表示内容の確認 password_confirmationフォームが表示される
      [31mFailure/Error: visit new_user_registration_path[0m
      [31m[0m
      [31mNameError:[0m
      [31m  undefined local variable or method `new_user_registration_path' for #<RSpec::ExampleGroups::STEP1::Nested_4::Nested "password_confirmationフォームが表示される" (./spec/spec 2/system/01_before_login_spec.rb:131)>[0m
      [36m# ./spec/spec 2/system/01_before_login_spec.rb:112:in `block (3 levels) in <main>'[0m

  37) [STEP1] ユーザログイン前のテスト ユーザ新規登録のテスト 表示内容の確認 Sign upボタンが表示される
      [31mFailure/Error: visit new_user_registration_path[0m
      [31m[0m
      [31mNameError:[0m
      [31m  undefined local variable or method `new_user_registration_path' for #<RSpec::ExampleGroups::STEP1::Nested_4::Nested "Sign upボタンが表示される" (./spec/spec 2/system/01_before_login_spec.rb:134)>[0m
      [36m# ./spec/spec 2/system/01_before_login_spec.rb:112:in `block (3 levels) in <main>'[0m

  38) [STEP1] ユーザログイン前のテスト ユーザ新規登録のテスト 新規登録成功のテスト 正しく新規登録される
      [31mFailure/Error: visit new_user_registration_path[0m
      [31m[0m
      [31mNameError:[0m
      [31m  undefined local variable or method `new_user_registration_path' for #<RSpec::ExampleGroups::STEP1::Nested_4::Nested_2 "正しく新規登録される" (./spec/spec 2/system/01_before_login_spec.rb:147)>[0m
      [36m# ./spec/spec 2/system/01_before_login_spec.rb:112:in `block (3 levels) in <main>'[0m

  39) [STEP1] ユーザログイン前のテスト ユーザ新規登録のテスト 新規登録成功のテスト 新規登録後のリダイレクト先が、新規登録できたユーザの詳細画面になっている
      [31mFailure/Error: visit new_user_registration_path[0m
      [31m[0m
      [31mNameError:[0m
      [31m  undefined local variable or method `new_user_registration_path' for #<RSpec::ExampleGroups::STEP1::Nested_4::Nested_2 "新規登録後のリダイレクト先が、新規登録できたユーザの詳細画面になっている" (./spec/spec 2/system/01_before_login_spec.rb:150)>[0m
      [36m# ./spec/spec 2/system/01_before_login_spec.rb:112:in `block (3 levels) in <main>'[0m

  40) [STEP1] ユーザログイン前のテスト ユーザログイン 表示内容の確認 URLが正しい
      [31mFailure/Error: visit new_user_session_path[0m
      [31m[0m
      [31mNameError:[0m
      [31m  undefined local variable or method `new_user_session_path' for #<RSpec::ExampleGroups::STEP1::Nested_5::Nested "URLが正しい" (./spec/spec 2/system/01_before_login_spec.rb:165)>[0m
      [36m# ./spec/spec 2/system/01_before_login_spec.rb:161:in `block (3 levels) in <main>'[0m

  41) [STEP1] ユーザログイン前のテスト ユーザログイン 表示内容の確認 「Log in」と表示される
      [31mFailure/Error: visit new_user_session_path[0m
      [31m[0m
      [31mNameError:[0m
      [31m  undefined local variable or method `new_user_session_path' for #<RSpec::ExampleGroups::STEP1::Nested_5::Nested "「Log in」と表示される" (./spec/spec 2/system/01_before_login_spec.rb:168)>[0m
      [36m# ./spec/spec 2/system/01_before_login_spec.rb:161:in `block (3 levels) in <main>'[0m

  42) [STEP1] ユーザログイン前のテスト ユーザログイン 表示内容の確認 nameフォームが表示される
      [31mFailure/Error: visit new_user_session_path[0m
      [31m[0m
      [31mNameError:[0m
      [31m  undefined local variable or method `new_user_session_path' for #<RSpec::ExampleGroups::STEP1::Nested_5::Nested "nameフォームが表示される" (./spec/spec 2/system/01_before_login_spec.rb:171)>[0m
      [36m# ./spec/spec 2/system/01_before_login_spec.rb:161:in `block (3 levels) in <main>'[0m

  43) [STEP1] ユーザログイン前のテスト ユーザログイン 表示内容の確認 passwordフォームが表示される
      [31mFailure/Error: visit new_user_session_path[0m
      [31m[0m
      [31mNameError:[0m
      [31m  undefined local variable or method `new_user_session_path' for #<RSpec::ExampleGroups::STEP1::Nested_5::Nested "passwordフォームが表示される" (./spec/spec 2/system/01_before_login_spec.rb:174)>[0m
      [36m# ./spec/spec 2/system/01_before_login_spec.rb:161:in `block (3 levels) in <main>'[0m

  44) [STEP1] ユーザログイン前のテスト ユーザログイン 表示内容の確認 Log inボタンが表示される
      [31mFailure/Error: visit new_user_session_path[0m
      [31m[0m
      [31mNameError:[0m
      [31m  undefined local variable or method `new_user_session_path' for #<RSpec::ExampleGroups::STEP1::Nested_5::Nested "Log inボタンが表示される" (./spec/spec 2/system/01_before_login_spec.rb:177)>[0m
      [36m# ./spec/spec 2/system/01_before_login_spec.rb:161:in `block (3 levels) in <main>'[0m

  45) [STEP1] ユーザログイン前のテスト ユーザログイン 表示内容の確認 emailフォームは表示されない
      [31mFailure/Error: visit new_user_session_path[0m
      [31m[0m
      [31mNameError:[0m
      [31m  undefined local variable or method `new_user_session_path' for #<RSpec::ExampleGroups::STEP1::Nested_5::Nested "emailフォームは表示されない" (./spec/spec 2/system/01_before_login_spec.rb:180)>[0m
      [36m# ./spec/spec 2/system/01_before_login_spec.rb:161:in `block (3 levels) in <main>'[0m

  46) [STEP1] ユーザログイン前のテスト ユーザログイン ログイン成功のテスト ログイン後のリダイレクト先が、ログインしたユーザの詳細画面になっている
      [31mFailure/Error: visit new_user_session_path[0m
      [31m[0m
      [31mNameError:[0m
      [31m  undefined local variable or method `new_user_session_path' for #<RSpec::ExampleGroups::STEP1::Nested_5::Nested_2 "ログイン後のリダイレクト先が、ログインしたユーザの詳細画面になっている" (./spec/spec 2/system/01_before_login_spec.rb:192)>[0m
      [36m# ./spec/spec 2/system/01_before_login_spec.rb:161:in `block (3 levels) in <main>'[0m

  47) [STEP1] ユーザログイン前のテスト ユーザログイン ログイン失敗のテスト ログインに失敗し、ログイン画面にリダイレクトされる
      [31mFailure/Error: visit new_user_session_path[0m
      [31m[0m
      [31mNameError:[0m
      [31m  undefined local variable or method `new_user_session_path' for #<RSpec::ExampleGroups::STEP1::Nested_5::Nested_3 "ログインに失敗し、ログイン画面にリダイレクトされる" (./spec/spec 2/system/01_before_login_spec.rb:204)>[0m
      [36m# ./spec/spec 2/system/01_before_login_spec.rb:161:in `block (3 levels) in <main>'[0m

  48) [STEP1] ユーザログイン前のテスト ヘッダーのテスト: ログインしている場合 ヘッダーの表示を確認 Bookersリンクが表示される: 左上から1番目のリンクが「Bookers」である
      [31mFailure/Error: visit new_user_session_path[0m
      [31m[0m
      [31mNameError:[0m
      [31m  undefined local variable or method `new_user_session_path' for #<RSpec::ExampleGroups::STEP1::Nested_6::Nested "Bookersリンクが表示される: 左上から1番目のリンクが「Bookers」である" (./spec/spec 2/system/01_before_login_spec.rb:221)>[0m
      [36m# ./spec/spec 2/system/01_before_login_spec.rb:214:in `block (3 levels) in <main>'[0m

  49) [STEP1] ユーザログイン前のテスト ヘッダーのテスト: ログインしている場合 ヘッダーの表示を確認 Homeリンクが表示される: 左上から2番目のリンクが「Home」である
      [31mFailure/Error: visit new_user_session_path[0m
      [31m[0m
      [31mNameError:[0m
      [31m  undefined local variable or method `new_user_session_path' for #<RSpec::ExampleGroups::STEP1::Nested_6::Nested "Homeリンクが表示される: 左上から2番目のリンクが「Home」である" (./spec/spec 2/system/01_before_login_spec.rb:225)>[0m
      [36m# ./spec/spec 2/system/01_before_login_spec.rb:214:in `block (3 levels) in <main>'[0m

  50) [STEP1] ユーザログイン前のテスト ヘッダーのテスト: ログインしている場合 ヘッダーの表示を確認 Usersリンクが表示される: 左上から3番目のリンクが「Users」である
      [31mFailure/Error: visit new_user_session_path[0m
      [31m[0m
      [31mNameError:[0m
      [31m  undefined local variable or method `new_user_session_path' for #<RSpec::ExampleGroups::STEP1::Nested_6::Nested "Usersリンクが表示される: 左上から3番目のリンクが「Users」である" (./spec/spec 2/system/01_before_login_spec.rb:229)>[0m
      [36m# ./spec/spec 2/system/01_before_login_spec.rb:214:in `block (3 levels) in <main>'[0m

  51) [STEP1] ユーザログイン前のテスト ヘッダーのテスト: ログインしている場合 ヘッダーの表示を確認 Booksリンクが表示される: 左上から4番目のリンクが「Books」である
      [31mFailure/Error: visit new_user_session_path[0m
      [31m[0m
      [31mNameError:[0m
      [31m  undefined local variable or method `new_user_session_path' for #<RSpec::ExampleGroups::STEP1::Nested_6::Nested "Booksリンクが表示される: 左上から4番目のリンクが「Books」である" (./spec/spec 2/system/01_before_login_spec.rb:233)>[0m
      [36m# ./spec/spec 2/system/01_before_login_spec.rb:214:in `block (3 levels) in <main>'[0m

  52) [STEP1] ユーザログイン前のテスト ヘッダーのテスト: ログインしている場合 ヘッダーの表示を確認 Log outリンクが表示される: 左上から5番目のリンクが「Log out」である
      [31mFailure/Error: visit new_user_session_path[0m
      [31m[0m
      [31mNameError:[0m
      [31m  undefined local variable or method `new_user_session_path' for #<RSpec::ExampleGroups::STEP1::Nested_6::Nested "Log outリンクが表示される: 左上から5番目のリンクが「Log out」である" (./spec/spec 2/system/01_before_login_spec.rb:237)>[0m
      [36m# ./spec/spec 2/system/01_before_login_spec.rb:214:in `block (3 levels) in <main>'[0m

  53) [STEP1] ユーザログイン前のテスト ユーザログアウトのテスト ログアウト機能のテスト 正しくログアウトできている: ログアウト後のリダイレクト先においてAbout画面へのリンクが存在する
      [31mFailure/Error: visit new_user_session_path[0m
      [31m[0m
      [31mNameError:[0m
      [31m  undefined local variable or method `new_user_session_path' for #<RSpec::ExampleGroups::STEP1::Nested_7::Nested "正しくログアウトできている: ログアウト後のリダイレクト先においてAbout画面へのリンクが存在する" (./spec/spec 2/system/01_before_login_spec.rb:258)>[0m
      [36m# ./spec/spec 2/system/01_before_login_spec.rb:248:in `block (3 levels) in <main>'[0m

  54) [STEP1] ユーザログイン前のテスト ユーザログアウトのテスト ログアウト機能のテスト ログアウト後のリダイレクト先が、トップになっている
      [31mFailure/Error: visit new_user_session_path[0m
      [31m[0m
      [31mNameError:[0m
      [31m  undefined local variable or method `new_user_session_path' for #<RSpec::ExampleGroups::STEP1::Nested_7::Nested "ログアウト後のリダイレクト先が、トップになっている" (./spec/spec 2/system/01_before_login_spec.rb:261)>[0m
      [36m# ./spec/spec 2/system/01_before_login_spec.rb:248:in `block (3 levels) in <main>'[0m

  55) [STEP2] ユーザログイン後のテスト ヘッダーのテスト: ログインしている場合 リンクの内容を確認: ※logoutは『ユーザログアウトのテスト』でテスト済みになります。 Homeを押すと、自分のユーザ詳細画面に遷移する
      [31mFailure/Error: let!(:user) { create(:user) }[0m
      [31m[0m
      [31mNoMethodError:[0m
      [31m  undefined method `create' for #<RSpec::ExampleGroups::STEP2::Nested::Logout "Homeを押すと、自分のユーザ詳細画面に遷移する" (./spec/spec 2/system/02_after_login_spec.rb:20)>[0m
      [36m# ./spec/spec 2/system/02_after_login_spec.rb:4:in `block (2 levels) in <main>'[0m

  56) [STEP2] ユーザログイン後のテスト ヘッダーのテスト: ログインしている場合 リンクの内容を確認: ※logoutは『ユーザログアウトのテスト』でテスト済みになります。 Usersを押すと、ユーザ一覧画面に遷移する
      [31mFailure/Error: let!(:user) { create(:user) }[0m
      [31m[0m
      [31mNoMethodError:[0m
      [31m  undefined method `create' for #<RSpec::ExampleGroups::STEP2::Nested::Logout "Usersを押すと、ユーザ一覧画面に遷移する" (./spec/spec 2/system/02_after_login_spec.rb:26)>[0m
      [36m# ./spec/spec 2/system/02_after_login_spec.rb:4:in `block (2 levels) in <main>'[0m

  57) [STEP2] ユーザログイン後のテスト ヘッダーのテスト: ログインしている場合 リンクの内容を確認: ※logoutは『ユーザログアウトのテスト』でテスト済みになります。 Booksを押すと、投稿一覧画面に遷移する
      [31mFailure/Error: let!(:user) { create(:user) }[0m
      [31m[0m
      [31mNoMethodError:[0m
      [31m  undefined method `create' for #<RSpec::ExampleGroups::STEP2::Nested::Logout "Booksを押すと、投稿一覧画面に遷移する" (./spec/spec 2/system/02_after_login_spec.rb:32)>[0m
      [36m# ./spec/spec 2/system/02_after_login_spec.rb:4:in `block (2 levels) in <main>'[0m

  58) [STEP2] ユーザログイン後のテスト 投稿一覧画面のテスト 表示内容の確認 URLが正しい
      [31mFailure/Error: let!(:user) { create(:user) }[0m
      [31m[0m
      [31mNoMethodError:[0m
      [31m  undefined method `create' for #<RSpec::ExampleGroups::STEP2::Nested_2::Nested "URLが正しい" (./spec/spec 2/system/02_after_login_spec.rb:47)>[0m
      [36m# ./spec/spec 2/system/02_after_login_spec.rb:4:in `block (2 levels) in <main>'[0m

  59) [STEP2] ユーザログイン後のテスト 投稿一覧画面のテスト 表示内容の確認 自分と他人の画像のリンク先が正しい
      [31mFailure/Error: let!(:user) { create(:user) }[0m
      [31m[0m
      [31mNoMethodError:[0m
      [31m  undefined method `create' for #<RSpec::ExampleGroups::STEP2::Nested_2::Nested "自分と他人の画像のリンク先が正しい" (./spec/spec 2/system/02_after_login_spec.rb:50)>[0m
      [36m# ./spec/spec 2/system/02_after_login_spec.rb:4:in `block (2 levels) in <main>'[0m

  60) [STEP2] ユーザログイン後のテスト 投稿一覧画面のテスト 表示内容の確認 自分の投稿と他人の投稿のタイトルのリンク先がそれぞれ正しい
      [31mFailure/Error: let!(:user) { create(:user) }[0m
      [31m[0m
      [31mNoMethodError:[0m
      [31m  undefined method `create' for #<RSpec::ExampleGroups::STEP2::Nested_2::Nested "自分の投稿と他人の投稿のタイトルのリンク先がそれぞれ正しい" (./spec/spec 2/system/02_after_login_spec.rb:54)>[0m
      [36m# ./spec/spec 2/system/02_after_login_spec.rb:4:in `block (2 levels) in <main>'[0m

  61) [STEP2] ユーザログイン後のテスト 投稿一覧画面のテスト 表示内容の確認 自分の投稿と他人の投稿のオピニオンが表示される
      [31mFailure/Error: let!(:user) { create(:user) }[0m
      [31m[0m
      [31mNoMethodError:[0m
      [31m  undefined method `create' for #<RSpec::ExampleGroups::STEP2::Nested_2::Nested "自分の投稿と他人の投稿のオピニオンが表示される" (./spec/spec 2/system/02_after_login_spec.rb:58)>[0m
      [36m# ./spec/spec 2/system/02_after_login_spec.rb:4:in `block (2 levels) in <main>'[0m

  62) [STEP2] ユーザログイン後のテスト 投稿一覧画面のテスト サイドバーの確認 自分の名前と紹介文が表示される
      [31mFailure/Error: let!(:user) { create(:user) }[0m
      [31m[0m
      [31mNoMethodError:[0m
      [31m  undefined method `create' for #<RSpec::ExampleGroups::STEP2::Nested_2::Nested_2 "自分の名前と紹介文が表示される" (./spec/spec 2/system/02_after_login_spec.rb:65)>[0m
      [36m# ./spec/spec 2/system/02_after_login_spec.rb:4:in `block (2 levels) in <main>'[0m

  63) [STEP2] ユーザログイン後のテスト 投稿一覧画面のテスト サイドバーの確認 自分のユーザ編集画面へのリンクが存在する
      [31mFailure/Error: let!(:user) { create(:user) }[0m
      [31m[0m
      [31mNoMethodError:[0m
      [31m  undefined method `create' for #<RSpec::ExampleGroups::STEP2::Nested_2::Nested_2 "自分のユーザ編集画面へのリンクが存在する" (./spec/spec 2/system/02_after_login_spec.rb:69)>[0m
      [36m# ./spec/spec 2/system/02_after_login_spec.rb:4:in `block (2 levels) in <main>'[0m

  64) [STEP2] ユーザログイン後のテスト 投稿一覧画面のテスト サイドバーの確認 「New book」と表示される
      [31mFailure/Error: let!(:user) { create(:user) }[0m
      [31m[0m
      [31mNoMethodError:[0m
      [31m  undefined method `create' for #<RSpec::ExampleGroups::STEP2::Nested_2::Nested_2 "「New book」と表示される" (./spec/spec 2/system/02_after_login_spec.rb:72)>[0m
      [36m# ./spec/spec 2/system/02_after_login_spec.rb:4:in `block (2 levels) in <main>'[0m

  65) [STEP2] ユーザログイン後のテスト 投稿一覧画面のテスト サイドバーの確認 titleフォームが表示される
      [31mFailure/Error: let!(:user) { create(:user) }[0m
      [31m[0m
      [31mNoMethodError:[0m
      [31m  undefined method `create' for #<RSpec::ExampleGroups::STEP2::Nested_2::Nested_2 "titleフォームが表示される" (./spec/spec 2/system/02_after_login_spec.rb:75)>[0m
      [36m# ./spec/spec 2/system/02_after_login_spec.rb:4:in `block (2 levels) in <main>'[0m

  66) [STEP2] ユーザログイン後のテスト 投稿一覧画面のテスト サイドバーの確認 titleフォームに値が入っていない
      [31mFailure/Error: let!(:user) { create(:user) }[0m
      [31m[0m
      [31mNoMethodError:[0m
      [31m  undefined method `create' for #<RSpec::ExampleGroups::STEP2::Nested_2::Nested_2 "titleフォームに値が入っていない" (./spec/spec 2/system/02_after_login_spec.rb:78)>[0m
      [36m# ./spec/spec 2/system/02_after_login_spec.rb:4:in `block (2 levels) in <main>'[0m

  67) [STEP2] ユーザログイン後のテスト 投稿一覧画面のテスト サイドバーの確認 bodyフォームが表示される
      [31mFailure/Error: let!(:user) { create(:user) }[0m
      [31m[0m
      [31mNoMethodError:[0m
      [31m  undefined method `create' for #<RSpec::ExampleGroups::STEP2::Nested_2::Nested_2 "bodyフォームが表示される" (./spec/spec 2/system/02_after_login_spec.rb:81)>[0m
      [36m# ./spec/spec 2/system/02_after_login_spec.rb:4:in `block (2 levels) in <main>'[0m

  68) [STEP2] ユーザログイン後のテスト 投稿一覧画面のテスト サイドバーの確認 bodyフォームに値が入っていない
      [31mFailure/Error: let!(:user) { create(:user) }[0m
      [31m[0m
      [31mNoMethodError:[0m
      [31m  undefined method `create' for #<RSpec::ExampleGroups::STEP2::Nested_2::Nested_2 "bodyフォームに値が入っていない" (./spec/spec 2/system/02_after_login_spec.rb:84)>[0m
      [36m# ./spec/spec 2/system/02_after_login_spec.rb:4:in `block (2 levels) in <main>'[0m

  69) [STEP2] ユーザログイン後のテスト 投稿一覧画面のテスト サイドバーの確認 Create Bookボタンが表示される
      [31mFailure/Error: let!(:user) { create(:user) }[0m
      [31m[0m
      [31mNoMethodError:[0m
      [31m  undefined method `create' for #<RSpec::ExampleGroups::STEP2::Nested_2::Nested_2 "Create Bookボタンが表示される" (./spec/spec 2/system/02_after_login_spec.rb:87)>[0m
      [36m# ./spec/spec 2/system/02_after_login_spec.rb:4:in `block (2 levels) in <main>'[0m

  70) [STEP2] ユーザログイン後のテスト 投稿一覧画面のテスト 投稿成功のテスト 自分の新しい投稿が正しく保存される
      [31mFailure/Error: let!(:user) { create(:user) }[0m
      [31m[0m
      [31mNoMethodError:[0m
      [31m  undefined method `create' for #<RSpec::ExampleGroups::STEP2::Nested_2::Nested_3 "自分の新しい投稿が正しく保存される" (./spec/spec 2/system/02_after_login_spec.rb:98)>[0m
      [36m# ./spec/spec 2/system/02_after_login_spec.rb:4:in `block (2 levels) in <main>'[0m

  71) [STEP2] ユーザログイン後のテスト 投稿一覧画面のテスト 投稿成功のテスト リダイレクト先が、保存できた投稿の詳細画面になっている
      [31mFailure/Error: let!(:user) { create(:user) }[0m
      [31m[0m
      [31mNoMethodError:[0m
      [31m  undefined method `create' for #<RSpec::ExampleGroups::STEP2::Nested_2::Nested_3 "リダイレクト先が、保存できた投稿の詳細画面になっている" (./spec/spec 2/system/02_after_login_spec.rb:101)>[0m
      [36m# ./spec/spec 2/system/02_after_login_spec.rb:4:in `block (2 levels) in <main>'[0m

  72) [STEP2] ユーザログイン後のテスト 自分の投稿詳細画面のテスト 表示内容の確認 URLが正しい
      [31mFailure/Error: let!(:user) { create(:user) }[0m
      [31m[0m
      [31mNoMethodError:[0m
      [31m  undefined method `create' for #<RSpec::ExampleGroups::STEP2::Nested_3::Nested "URLが正しい" (./spec/spec 2/system/02_after_login_spec.rb:114)>[0m
      [36m# ./spec/spec 2/system/02_after_login_spec.rb:4:in `block (2 levels) in <main>'[0m

  73) [STEP2] ユーザログイン後のテスト 自分の投稿詳細画面のテスト 表示内容の確認 「Book detail」と表示される
      [31mFailure/Error: let!(:user) { create(:user) }[0m
      [31m[0m
      [31mNoMethodError:[0m
      [31m  undefined method `create' for #<RSpec::ExampleGroups::STEP2::Nested_3::Nested "「Book detail」と表示される" (./spec/spec 2/system/02_after_login_spec.rb:117)>[0m
      [36m# ./spec/spec 2/system/02_after_login_spec.rb:4:in `block (2 levels) in <main>'[0m

  74) [STEP2] ユーザログイン後のテスト 自分の投稿詳細画面のテスト 表示内容の確認 ユーザ画像・名前のリンク先が正しい
      [31mFailure/Error: let!(:user) { create(:user) }[0m
      [31m[0m
      [31mNoMethodError:[0m
      [31m  undefined method `create' for #<RSpec::ExampleGroups::STEP2::Nested_3::Nested "ユーザ画像・名前のリンク先が正しい" (./spec/spec 2/system/02_after_login_spec.rb:120)>[0m
      [36m# ./spec/spec 2/system/02_after_login_spec.rb:4:in `block (2 levels) in <main>'[0m

  75) [STEP2] ユーザログイン後のテスト 自分の投稿詳細画面のテスト 表示内容の確認 投稿のtitleが表示される
      [31mFailure/Error: let!(:user) { create(:user) }[0m
      [31m[0m
      [31mNoMethodError:[0m
      [31m  undefined method `create' for #<RSpec::ExampleGroups::STEP2::Nested_3::Nested "投稿のtitleが表示される" (./spec/spec 2/system/02_after_login_spec.rb:123)>[0m
      [36m# ./spec/spec 2/system/02_after_login_spec.rb:4:in `block (2 levels) in <main>'[0m

  76) [STEP2] ユーザログイン後のテスト 自分の投稿詳細画面のテスト 表示内容の確認 投稿のbodyが表示される
      [31mFailure/Error: let!(:user) { create(:user) }[0m
      [31m[0m
      [31mNoMethodError:[0m
      [31m  undefined method `create' for #<RSpec::ExampleGroups::STEP2::Nested_3::Nested "投稿のbodyが表示される" (./spec/spec 2/system/02_after_login_spec.rb:126)>[0m
      [36m# ./spec/spec 2/system/02_after_login_spec.rb:4:in `block (2 levels) in <main>'[0m

  77) [STEP2] ユーザログイン後のテスト 自分の投稿詳細画面のテスト 表示内容の確認 投稿の編集リンクが表示される
      [31mFailure/Error: let!(:user) { create(:user) }[0m
      [31m[0m
      [31mNoMethodError:[0m
      [31m  undefined method `create' for #<RSpec::ExampleGroups::STEP2::Nested_3::Nested "投稿の編集リンクが表示される" (./spec/spec 2/system/02_after_login_spec.rb:129)>[0m
      [36m# ./spec/spec 2/system/02_after_login_spec.rb:4:in `block (2 levels) in <main>'[0m

  78) [STEP2] ユーザログイン後のテスト 自分の投稿詳細画面のテスト 表示内容の確認 投稿の削除リンクが表示される
      [31mFailure/Error: let!(:user) { create(:user) }[0m
      [31m[0m
      [31mNoMethodError:[0m
      [31m  undefined method `create' for #<RSpec::ExampleGroups::STEP2::Nested_3::Nested "投稿の削除リンクが表示される" (./spec/spec 2/system/02_after_login_spec.rb:132)>[0m
      [36m# ./spec/spec 2/system/02_after_login_spec.rb:4:in `block (2 levels) in <main>'[0m

  79) [STEP2] ユーザログイン後のテスト 自分の投稿詳細画面のテスト サイドバーの確認 自分の名前と紹介文が表示される
      [31mFailure/Error: let!(:user) { create(:user) }[0m
      [31m[0m
      [31mNoMethodError:[0m
      [31m  undefined method `create' for #<RSpec::ExampleGroups::STEP2::Nested_3::Nested_2 "自分の名前と紹介文が表示される" (./spec/spec 2/system/02_after_login_spec.rb:138)>[0m
      [36m# ./spec/spec 2/system/02_after_login_spec.rb:4:in `block (2 levels) in <main>'[0m

  80) [STEP2] ユーザログイン後のテスト 自分の投稿詳細画面のテスト サイドバーの確認 自分のユーザ編集画面へのリンクが存在する
      [31mFailure/Error: let!(:user) { create(:user) }[0m
      [31m[0m
      [31mNoMethodError:[0m
      [31m  undefined method `create' for #<RSpec::ExampleGroups::STEP2::Nested_3::Nested_2 "自分のユーザ編集画面へのリンクが存在する" (./spec/spec 2/system/02_after_login_spec.rb:142)>[0m
      [36m# ./spec/spec 2/system/02_after_login_spec.rb:4:in `block (2 levels) in <main>'[0m

  81) [STEP2] ユーザログイン後のテスト 自分の投稿詳細画面のテスト サイドバーの確認 「New book」と表示される
      [31mFailure/Error: let!(:user) { create(:user) }[0m
      [31m[0m
      [31mNoMethodError:[0m
      [31m  undefined method `create' for #<RSpec::ExampleGroups::STEP2::Nested_3::Nested_2 "「New book」と表示される" (./spec/spec 2/system/02_after_login_spec.rb:145)>[0m
      [36m# ./spec/spec 2/system/02_after_login_spec.rb:4:in `block (2 levels) in <main>'[0m

  82) [STEP2] ユーザログイン後のテスト 自分の投稿詳細画面のテスト サイドバーの確認 titleフォームが表示される
      [31mFailure/Error: let!(:user) { create(:user) }[0m
      [31m[0m
      [31mNoMethodError:[0m
      [31m  undefined method `create' for #<RSpec::ExampleGroups::STEP2::Nested_3::Nested_2 "titleフォームが表示される" (./spec/spec 2/system/02_after_login_spec.rb:148)>[0m
      [36m# ./spec/spec 2/system/02_after_login_spec.rb:4:in `block (2 levels) in <main>'[0m

  83) [STEP2] ユーザログイン後のテスト 自分の投稿詳細画面のテスト サイドバーの確認 titleフォームに値が入っていない
      [31mFailure/Error: let!(:user) { create(:user) }[0m
      [31m[0m
      [31mNoMethodError:[0m
      [31m  undefined method `create' for #<RSpec::ExampleGroups::STEP2::Nested_3::Nested_2 "titleフォームに値が入っていない" (./spec/spec 2/system/02_after_login_spec.rb:151)>[0m
      [36m# ./spec/spec 2/system/02_after_login_spec.rb:4:in `block (2 levels) in <main>'[0m

  84) [STEP2] ユーザログイン後のテスト 自分の投稿詳細画面のテスト サイドバーの確認 bodyフォームが表示される
      [31mFailure/Error: let!(:user) { create(:user) }[0m
      [31m[0m
      [31mNoMethodError:[0m
      [31m  undefined method `create' for #<RSpec::ExampleGroups::STEP2::Nested_3::Nested_2 "bodyフォームが表示される" (./spec/spec 2/system/02_after_login_spec.rb:154)>[0m
      [36m# ./spec/spec 2/system/02_after_login_spec.rb:4:in `block (2 levels) in <main>'[0m

  85) [STEP2] ユーザログイン後のテスト 自分の投稿詳細画面のテスト サイドバーの確認 bodyフォームに値が入っていない
      [31mFailure/Error: let!(:user) { create(:user) }[0m
      [31m[0m
      [31mNoMethodError:[0m
      [31m  undefined method `create' for #<RSpec::ExampleGroups::STEP2::Nested_3::Nested_2 "bodyフォームに値が入っていない" (./spec/spec 2/system/02_after_login_spec.rb:157)>[0m
      [36m# ./spec/spec 2/system/02_after_login_spec.rb:4:in `block (2 levels) in <main>'[0m

  86) [STEP2] ユーザログイン後のテスト 自分の投稿詳細画面のテスト サイドバーの確認 Create Bookボタンが表示される
      [31mFailure/Error: let!(:user) { create(:user) }[0m
      [31m[0m
      [31mNoMethodError:[0m
      [31m  undefined method `create' for #<RSpec::ExampleGroups::STEP2::Nested_3::Nested_2 "Create Bookボタンが表示される" (./spec/spec 2/system/02_after_login_spec.rb:160)>[0m
      [36m# ./spec/spec 2/system/02_after_login_spec.rb:4:in `block (2 levels) in <main>'[0m

  87) [STEP2] ユーザログイン後のテスト 自分の投稿詳細画面のテスト 投稿成功のテスト 自分の新しい投稿が正しく保存される
      [31mFailure/Error: let!(:user) { create(:user) }[0m
      [31m[0m
      [31mNoMethodError:[0m
      [31m  undefined method `create' for #<RSpec::ExampleGroups::STEP2::Nested_3::Nested_3 "自分の新しい投稿が正しく保存される" (./spec/spec 2/system/02_after_login_spec.rb:171)>[0m
      [36m# ./spec/spec 2/system/02_after_login_spec.rb:4:in `block (2 levels) in <main>'[0m

  88) [STEP2] ユーザログイン後のテスト 自分の投稿詳細画面のテスト 編集リンクのテスト 編集画面に遷移する
      [31mFailure/Error: let!(:user) { create(:user) }[0m
      [31m[0m
      [31mNoMethodError:[0m
      [31m  undefined method `create' for #<RSpec::ExampleGroups::STEP2::Nested_3::Nested_4 "編集画面に遷移する" (./spec/spec 2/system/02_after_login_spec.rb:180)>[0m
      [36m# ./spec/spec 2/system/02_after_login_spec.rb:4:in `block (2 levels) in <main>'[0m

  89) [STEP2] ユーザログイン後のテスト 自分の投稿詳細画面のテスト 削除リンクのテスト application.html.erbにjavascript_pack_tagを含んでいる
      [31mFailure/Error: let!(:user) { create(:user) }[0m
      [31m[0m
      [31mNoMethodError:[0m
      [31m  undefined method `create' for #<RSpec::ExampleGroups::STEP2::Nested_3::Nested_5 "application.html.erbにjavascript_pack_tagを含んでいる" (./spec/spec 2/system/02_after_login_spec.rb:189)>[0m
      [36m# ./spec/spec 2/system/02_after_login_spec.rb:4:in `block (2 levels) in <main>'[0m

  90) [STEP2] ユーザログイン後のテスト 自分の投稿詳細画面のテスト 削除リンクのテスト 正しく削除される
      [31mFailure/Error: let!(:user) { create(:user) }[0m
      [31m[0m
      [31mNoMethodError:[0m
      [31m  undefined method `create' for #<RSpec::ExampleGroups::STEP2::Nested_3::Nested_5 "正しく削除される" (./spec/spec 2/system/02_after_login_spec.rb:203)>[0m
      [36m# ./spec/spec 2/system/02_after_login_spec.rb:4:in `block (2 levels) in <main>'[0m

  91) [STEP2] ユーザログイン後のテスト 自分の投稿詳細画面のテスト 削除リンクのテスト リダイレクト先が、投稿一覧画面になっている
      [31mFailure/Error: let!(:user) { create(:user) }[0m
      [31m[0m
      [31mNoMethodError:[0m
      [31m  undefined method `create' for #<RSpec::ExampleGroups::STEP2::Nested_3::Nested_5 "リダイレクト先が、投稿一覧画面になっている" (./spec/spec 2/system/02_after_login_spec.rb:206)>[0m
      [36m# ./spec/spec 2/system/02_after_login_spec.rb:4:in `block (2 levels) in <main>'[0m

  92) [STEP2] ユーザログイン後のテスト 自分の投稿編集画面のテスト 表示の確認 URLが正しい
      [31mFailure/Error: let!(:user) { create(:user) }[0m
      [31m[0m
      [31mNoMethodError:[0m
      [31m  undefined method `create' for #<RSpec::ExampleGroups::STEP2::Nested_4::Nested "URLが正しい" (./spec/spec 2/system/02_after_login_spec.rb:218)>[0m
      [36m# ./spec/spec 2/system/02_after_login_spec.rb:4:in `block (2 levels) in <main>'[0m

  93) [STEP2] ユーザログイン後のテスト 自分の投稿編集画面のテスト 表示の確認 「Editing Book」と表示される
      [31mFailure/Error: let!(:user) { create(:user) }[0m
      [31m[0m
      [31mNoMethodError:[0m
      [31m  undefined method `create' for #<RSpec::ExampleGroups::STEP2::Nested_4::Nested "「Editing Book」と表示される" (./spec/spec 2/system/02_after_login_spec.rb:221)>[0m
      [36m# ./spec/spec 2/system/02_after_login_spec.rb:4:in `block (2 levels) in <main>'[0m

  94) [STEP2] ユーザログイン後のテスト 自分の投稿編集画面のテスト 表示の確認 title編集フォームが表示される
      [31mFailure/Error: let!(:user) { create(:user) }[0m
      [31m[0m
      [31mNoMethodError:[0m
      [31m  undefined method `create' for #<RSpec::ExampleGroups::STEP2::Nested_4::Nested "title編集フォームが表示される" (./spec/spec 2/system/02_after_login_spec.rb:224)>[0m
      [36m# ./spec/spec 2/system/02_after_login_spec.rb:4:in `block (2 levels) in <main>'[0m

  95) [STEP2] ユーザログイン後のテスト 自分の投稿編集画面のテスト 表示の確認 body編集フォームが表示される
      [31mFailure/Error: let!(:user) { create(:user) }[0m
      [31m[0m
      [31mNoMethodError:[0m
      [31m  undefined method `create' for #<RSpec::ExampleGroups::STEP2::Nested_4::Nested "body編集フォームが表示される" (./spec/spec 2/system/02_after_login_spec.rb:227)>[0m
      [36m# ./spec/spec 2/system/02_after_login_spec.rb:4:in `block (2 levels) in <main>'[0m

  96) [STEP2] ユーザログイン後のテスト 自分の投稿編集画面のテスト 表示の確認 Update Bookボタンが表示される
      [31mFailure/Error: let!(:user) { create(:user) }[0m
      [31m[0m
      [31mNoMethodError:[0m
      [31m  undefined method `create' for #<RSpec::ExampleGroups::STEP2::Nested_4::Nested "Update Bookボタンが表示される" (./spec/spec 2/system/02_after_login_spec.rb:230)>[0m
      [36m# ./spec/spec 2/system/02_after_login_spec.rb:4:in `block (2 levels) in <main>'[0m

  97) [STEP2] ユーザログイン後のテスト 自分の投稿編集画面のテスト 表示の確認 Showリンクが表示される
      [31mFailure/Error: let!(:user) { create(:user) }[0m
      [31m[0m
      [31mNoMethodError:[0m
      [31m  undefined method `create' for #<RSpec::ExampleGroups::STEP2::Nested_4::Nested "Showリンクが表示される" (./spec/spec 2/system/02_after_login_spec.rb:233)>[0m
      [36m# ./spec/spec 2/system/02_after_login_spec.rb:4:in `block (2 levels) in <main>'[0m

  98) [STEP2] ユーザログイン後のテスト 自分の投稿編集画面のテスト 表示の確認 Backリンクが表示される
      [31mFailure/Error: let!(:user) { create(:user) }[0m
      [31m[0m
      [31mNoMethodError:[0m
      [31m  undefined method `create' for #<RSpec::ExampleGroups::STEP2::Nested_4::Nested "Backリンクが表示される" (./spec/spec 2/system/02_after_login_spec.rb:236)>[0m
      [36m# ./spec/spec 2/system/02_after_login_spec.rb:4:in `block (2 levels) in <main>'[0m

  99) [STEP2] ユーザログイン後のテスト 自分の投稿編集画面のテスト 編集成功のテスト titleが正しく更新される
      [31mFailure/Error: let!(:user) { create(:user) }[0m
      [31m[0m
      [31mNoMethodError:[0m
      [31m  undefined method `create' for #<RSpec::ExampleGroups::STEP2::Nested_4::Nested_2 "titleが正しく更新される" (./spec/spec 2/system/02_after_login_spec.rb:250)>[0m
      [36m# ./spec/spec 2/system/02_after_login_spec.rb:4:in `block (2 levels) in <main>'[0m

  100) [STEP2] ユーザログイン後のテスト 自分の投稿編集画面のテスト 編集成功のテスト bodyが正しく更新される
       [31mFailure/Error: let!(:user) { create(:user) }[0m
       [31m[0m
       [31mNoMethodError:[0m
       [31m  undefined method `create' for #<RSpec::ExampleGroups::STEP2::Nested_4::Nested_2 "bodyが正しく更新される" (./spec/spec 2/system/02_after_login_spec.rb:253)>[0m
       [36m# ./spec/spec 2/system/02_after_login_spec.rb:4:in `block (2 levels) in <main>'[0m

  101) [STEP2] ユーザログイン後のテスト 自分の投稿編集画面のテスト 編集成功のテスト リダイレクト先が、更新した投稿の詳細画面になっている
       [31mFailure/Error: let!(:user) { create(:user) }[0m
       [31m[0m
       [31mNoMethodError:[0m
       [31m  undefined method `create' for #<RSpec::ExampleGroups::STEP2::Nested_4::Nested_2 "リダイレクト先が、更新した投稿の詳細画面になっている" (./spec/spec 2/system/02_after_login_spec.rb:256)>[0m
       [36m# ./spec/spec 2/system/02_after_login_spec.rb:4:in `block (2 levels) in <main>'[0m

  102) [STEP2] ユーザログイン後のテスト ユーザ一覧画面のテスト 表示内容の確認 URLが正しい
       [31mFailure/Error: let!(:user) { create(:user) }[0m
       [31m[0m
       [31mNoMethodError:[0m
       [31m  undefined method `create' for #<RSpec::ExampleGroups::STEP2::Nested_5::Nested "URLが正しい" (./spec/spec 2/system/02_after_login_spec.rb:269)>[0m
       [36m# ./spec/spec 2/system/02_after_login_spec.rb:4:in `block (2 levels) in <main>'[0m

  103) [STEP2] ユーザログイン後のテスト ユーザ一覧画面のテスト 表示内容の確認 自分と他人の画像が表示される: fallbackの画像がサイドバーの1つ＋一覧(2人)の2つの計3つ存在する
       [31mFailure/Error: let!(:user) { create(:user) }[0m
       [31m[0m
       [31mNoMethodError:[0m
       [31m  undefined method `create' for #<RSpec::ExampleGroups::STEP2::Nested_5::Nested "自分と他人の画像が表示される: fallbackの画像がサイドバーの1つ＋一覧(2人)の2つの計3つ存在する" (./spec/spec 2/system/02_after_login_spec.rb:272)>[0m
       [36m# ./spec/spec 2/system/02_after_login_spec.rb:4:in `block (2 levels) in <main>'[0m

  104) [STEP2] ユーザログイン後のテスト ユーザ一覧画面のテスト 表示内容の確認 自分と他人の名前がそれぞれ表示される
       [31mFailure/Error: let!(:user) { create(:user) }[0m
       [31m[0m
       [31mNoMethodError:[0m
       [31m  undefined method `create' for #<RSpec::ExampleGroups::STEP2::Nested_5::Nested "自分と他人の名前がそれぞれ表示される" (./spec/spec 2/system/02_after_login_spec.rb:275)>[0m
       [36m# ./spec/spec 2/system/02_after_login_spec.rb:4:in `block (2 levels) in <main>'[0m

  105) [STEP2] ユーザログイン後のテスト ユーザ一覧画面のテスト 表示内容の確認 自分と他人のshowリンクがそれぞれ表示される
       [31mFailure/Error: let!(:user) { create(:user) }[0m
       [31m[0m
       [31mNoMethodError:[0m
       [31m  undefined method `create' for #<RSpec::ExampleGroups::STEP2::Nested_5::Nested "自分と他人のshowリンクがそれぞれ表示される" (./spec/spec 2/system/02_after_login_spec.rb:279)>[0m
       [36m# ./spec/spec 2/system/02_after_login_spec.rb:4:in `block (2 levels) in <main>'[0m

  106) [STEP2] ユーザログイン後のテスト ユーザ一覧画面のテスト サイドバーの確認 自分の名前と紹介文が表示される
       [31mFailure/Error: let!(:user) { create(:user) }[0m
       [31m[0m
       [31mNoMethodError:[0m
       [31m  undefined method `create' for #<RSpec::ExampleGroups::STEP2::Nested_5::Nested_2 "自分の名前と紹介文が表示される" (./spec/spec 2/system/02_after_login_spec.rb:286)>[0m
       [36m# ./spec/spec 2/system/02_after_login_spec.rb:4:in `block (2 levels) in <main>'[0m

  107) [STEP2] ユーザログイン後のテスト ユーザ一覧画面のテスト サイドバーの確認 自分のユーザ編集画面へのリンクが存在する
       [31mFailure/Error: let!(:user) { create(:user) }[0m
       [31m[0m
       [31mNoMethodError:[0m
       [31m  undefined method `create' for #<RSpec::ExampleGroups::STEP2::Nested_5::Nested_2 "自分のユーザ編集画面へのリンクが存在する" (./spec/spec 2/system/02_after_login_spec.rb:290)>[0m
       [36m# ./spec/spec 2/system/02_after_login_spec.rb:4:in `block (2 levels) in <main>'[0m

  108) [STEP2] ユーザログイン後のテスト ユーザ一覧画面のテスト サイドバーの確認 「New book」と表示される
       [31mFailure/Error: let!(:user) { create(:user) }[0m
       [31m[0m
       [31mNoMethodError:[0m
       [31m  undefined method `create' for #<RSpec::ExampleGroups::STEP2::Nested_5::Nested_2 "「New book」と表示される" (./spec/spec 2/system/02_after_login_spec.rb:293)>[0m
       [36m# ./spec/spec 2/system/02_after_login_spec.rb:4:in `block (2 levels) in <main>'[0m

  109) [STEP2] ユーザログイン後のテスト ユーザ一覧画面のテスト サイドバーの確認 titleフォームが表示される
       [31mFailure/Error: let!(:user) { create(:user) }[0m
       [31m[0m
       [31mNoMethodError:[0m
       [31m  undefined method `create' for #<RSpec::ExampleGroups::STEP2::Nested_5::Nested_2 "titleフォームが表示される" (./spec/spec 2/system/02_after_login_spec.rb:296)>[0m
       [36m# ./spec/spec 2/system/02_after_login_spec.rb:4:in `block (2 levels) in <main>'[0m

  110) [STEP2] ユーザログイン後のテスト ユーザ一覧画面のテスト サイドバーの確認 titleフォームに値が入っていない
       [31mFailure/Error: let!(:user) { create(:user) }[0m
       [31m[0m
       [31mNoMethodError:[0m
       [31m  undefined method `create' for #<RSpec::ExampleGroups::STEP2::Nested_5::Nested_2 "titleフォームに値が入っていない" (./spec/spec 2/system/02_after_login_spec.rb:299)>[0m
       [36m# ./spec/spec 2/system/02_after_login_spec.rb:4:in `block (2 levels) in <main>'[0m

  111) [STEP2] ユーザログイン後のテスト ユーザ一覧画面のテスト サイドバーの確認 bodyフォームが表示される
       [31mFailure/Error: let!(:user) { create(:user) }[0m
       [31m[0m
       [31mNoMethodError:[0m
       [31m  undefined method `create' for #<RSpec::ExampleGroups::STEP2::Nested_5::Nested_2 "bodyフォームが表示される" (./spec/spec 2/system/02_after_login_spec.rb:302)>[0m
       [36m# ./spec/spec 2/system/02_after_login_spec.rb:4:in `block (2 levels) in <main>'[0m

  112) [STEP2] ユーザログイン後のテスト ユーザ一覧画面のテスト サイドバーの確認 bodyフォームに値が入っていない
       [31mFailure/Error: let!(:user) { create(:user) }[0m
       [31m[0m
       [31mNoMethodError:[0m
       [31m  undefined method `create' for #<RSpec::ExampleGroups::STEP2::Nested_5::Nested_2 "bodyフォームに値が入っていない" (./spec/spec 2/system/02_after_login_spec.rb:305)>[0m
       [36m# ./spec/spec 2/system/02_after_login_spec.rb:4:in `block (2 levels) in <main>'[0m

  113) [STEP2] ユーザログイン後のテスト ユーザ一覧画面のテスト サイドバーの確認 Create Bookボタンが表示される
       [31mFailure/Error: let!(:user) { create(:user) }[0m
       [31m[0m
       [31mNoMethodError:[0m
       [31m  undefined method `create' for #<RSpec::ExampleGroups::STEP2::Nested_5::Nested_2 "Create Bookボタンが表示される" (./spec/spec 2/system/02_after_login_spec.rb:308)>[0m
       [36m# ./spec/spec 2/system/02_after_login_spec.rb:4:in `block (2 levels) in <main>'[0m

  114) [STEP2] ユーザログイン後のテスト 自分のユーザ詳細画面のテスト 表示の確認 URLが正しい
       [31mFailure/Error: let!(:user) { create(:user) }[0m
       [31m[0m
       [31mNoMethodError:[0m
       [31m  undefined method `create' for #<RSpec::ExampleGroups::STEP2::Nested_6::Nested "URLが正しい" (./spec/spec 2/system/02_after_login_spec.rb:320)>[0m
       [36m# ./spec/spec 2/system/02_after_login_spec.rb:4:in `block (2 levels) in <main>'[0m

  115) [STEP2] ユーザログイン後のテスト 自分のユーザ詳細画面のテスト 表示の確認 投稿一覧のユーザ画像のリンク先が正しい
       [31mFailure/Error: let!(:user) { create(:user) }[0m
       [31m[0m
       [31mNoMethodError:[0m
       [31m  undefined method `create' for #<RSpec::ExampleGroups::STEP2::Nested_6::Nested "投稿一覧のユーザ画像のリンク先が正しい" (./spec/spec 2/system/02_after_login_spec.rb:323)>[0m
       [36m# ./spec/spec 2/system/02_after_login_spec.rb:4:in `block (2 levels) in <main>'[0m

  116) [STEP2] ユーザログイン後のテスト 自分のユーザ詳細画面のテスト 表示の確認 投稿一覧に自分の投稿のtitleが表示され、リンクが正しい
       [31mFailure/Error: let!(:user) { create(:user) }[0m
       [31m[0m
       [31mNoMethodError:[0m
       [31m  undefined method `create' for #<RSpec::ExampleGroups::STEP2::Nested_6::Nested "投稿一覧に自分の投稿のtitleが表示され、リンクが正しい" (./spec/spec 2/system/02_after_login_spec.rb:326)>[0m
       [36m# ./spec/spec 2/system/02_after_login_spec.rb:4:in `block (2 levels) in <main>'[0m

  117) [STEP2] ユーザログイン後のテスト 自分のユーザ詳細画面のテスト 表示の確認 投稿一覧に自分の投稿のbodyが表示される
       [31mFailure/Error: let!(:user) { create(:user) }[0m
       [31m[0m
       [31mNoMethodError:[0m
       [31m  undefined method `create' for #<RSpec::ExampleGroups::STEP2::Nested_6::Nested "投稿一覧に自分の投稿のbodyが表示される" (./spec/spec 2/system/02_after_login_spec.rb:329)>[0m
       [36m# ./spec/spec 2/system/02_after_login_spec.rb:4:in `block (2 levels) in <main>'[0m

  118) [STEP2] ユーザログイン後のテスト 自分のユーザ詳細画面のテスト 表示の確認 他人の投稿は表示されない
       [31mFailure/Error: let!(:user) { create(:user) }[0m
       [31m[0m
       [31mNoMethodError:[0m
       [31m  undefined method `create' for #<RSpec::ExampleGroups::STEP2::Nested_6::Nested "他人の投稿は表示されない" (./spec/spec 2/system/02_after_login_spec.rb:332)>[0m
       [36m# ./spec/spec 2/system/02_after_login_spec.rb:4:in `block (2 levels) in <main>'[0m

  119) [STEP2] ユーザログイン後のテスト 自分のユーザ詳細画面のテスト サイドバーの確認 自分の名前と紹介文が表示される
       [31mFailure/Error: let!(:user) { create(:user) }[0m
       [31m[0m
       [31mNoMethodError:[0m
       [31m  undefined method `create' for #<RSpec::ExampleGroups::STEP2::Nested_6::Nested_2 "自分の名前と紹介文が表示される" (./spec/spec 2/system/02_after_login_spec.rb:340)>[0m
       [36m# ./spec/spec 2/system/02_after_login_spec.rb:4:in `block (2 levels) in <main>'[0m

  120) [STEP2] ユーザログイン後のテスト 自分のユーザ詳細画面のテスト サイドバーの確認 自分のユーザ編集画面へのリンクが存在する
       [31mFailure/Error: let!(:user) { create(:user) }[0m
       [31m[0m
       [31mNoMethodError:[0m
       [31m  undefined method `create' for #<RSpec::ExampleGroups::STEP2::Nested_6::Nested_2 "自分のユーザ編集画面へのリンクが存在する" (./spec/spec 2/system/02_after_login_spec.rb:344)>[0m
       [36m# ./spec/spec 2/system/02_after_login_spec.rb:4:in `block (2 levels) in <main>'[0m

  121) [STEP2] ユーザログイン後のテスト 自分のユーザ詳細画面のテスト サイドバーの確認 「New book」と表示される
       [31mFailure/Error: let!(:user) { create(:user) }[0m
       [31m[0m
       [31mNoMethodError:[0m
       [31m  undefined method `create' for #<RSpec::ExampleGroups::STEP2::Nested_6::Nested_2 "「New book」と表示される" (./spec/spec 2/system/02_after_login_spec.rb:347)>[0m
       [36m# ./spec/spec 2/system/02_after_login_spec.rb:4:in `block (2 levels) in <main>'[0m

  122) [STEP2] ユーザログイン後のテスト 自分のユーザ詳細画面のテスト サイドバーの確認 titleフォームが表示される
       [31mFailure/Error: let!(:user) { create(:user) }[0m
       [31m[0m
       [31mNoMethodError:[0m
       [31m  undefined method `create' for #<RSpec::ExampleGroups::STEP2::Nested_6::Nested_2 "titleフォームが表示される" (./spec/spec 2/system/02_after_login_spec.rb:350)>[0m
       [36m# ./spec/spec 2/system/02_after_login_spec.rb:4:in `block (2 levels) in <main>'[0m

  123) [STEP2] ユーザログイン後のテスト 自分のユーザ詳細画面のテスト サイドバーの確認 titleフォームに値が入っていない
       [31mFailure/Error: let!(:user) { create(:user) }[0m
       [31m[0m
       [31mNoMethodError:[0m
       [31m  undefined method `create' for #<RSpec::ExampleGroups::STEP2::Nested_6::Nested_2 "titleフォームに値が入っていない" (./spec/spec 2/system/02_after_login_spec.rb:353)>[0m
       [36m# ./spec/spec 2/system/02_after_login_spec.rb:4:in `block (2 levels) in <main>'[0m

  124) [STEP2] ユーザログイン後のテスト 自分のユーザ詳細画面のテスト サイドバーの確認 bodyフォームが表示される
       [31mFailure/Error: let!(:user) { create(:user) }[0m
       [31m[0m
       [31mNoMethodError:[0m
       [31m  undefined method `create' for #<RSpec::ExampleGroups::STEP2::Nested_6::Nested_2 "bodyフォームが表示される" (./spec/spec 2/system/02_after_login_spec.rb:356)>[0m
       [36m# ./spec/spec 2/system/02_after_login_spec.rb:4:in `block (2 levels) in <main>'[0m

  125) [STEP2] ユーザログイン後のテスト 自分のユーザ詳細画面のテスト サイドバーの確認 bodyフォームに値が入っていない
       [31mFailure/Error: let!(:user) { create(:user) }[0m
       [31m[0m
       [31mNoMethodError:[0m
       [31m  undefined method `create' for #<RSpec::ExampleGroups::STEP2::Nested_6::Nested_2 "bodyフォームに値が入っていない" (./spec/spec 2/system/02_after_login_spec.rb:359)>[0m
       [36m# ./spec/spec 2/system/02_after_login_spec.rb:4:in `block (2 levels) in <main>'[0m

  126) [STEP2] ユーザログイン後のテスト 自分のユーザ詳細画面のテスト サイドバーの確認 Create Bookボタンが表示される
       [31mFailure/Error: let!(:user) { create(:user) }[0m
       [31m[0m
       [31mNoMethodError:[0m
       [31m  undefined method `create' for #<RSpec::ExampleGroups::STEP2::Nested_6::Nested_2 "Create Bookボタンが表示される" (./spec/spec 2/system/02_after_login_spec.rb:362)>[0m
       [36m# ./spec/spec 2/system/02_after_login_spec.rb:4:in `block (2 levels) in <main>'[0m

  127) [STEP2] ユーザログイン後のテスト 自分のユーザ情報編集画面のテスト 表示の確認 URLが正しい
       [31mFailure/Error: let!(:user) { create(:user) }[0m
       [31m[0m
       [31mNoMethodError:[0m
       [31m  undefined method `create' for #<RSpec::ExampleGroups::STEP2::Nested_7::Nested "URLが正しい" (./spec/spec 2/system/02_after_login_spec.rb:374)>[0m
       [36m# ./spec/spec 2/system/02_after_login_spec.rb:4:in `block (2 levels) in <main>'[0m

  128) [STEP2] ユーザログイン後のテスト 自分のユーザ情報編集画面のテスト 表示の確認 名前編集フォームに自分の名前が表示される
       [31mFailure/Error: let!(:user) { create(:user) }[0m
       [31m[0m
       [31mNoMethodError:[0m
       [31m  undefined method `create' for #<RSpec::ExampleGroups::STEP2::Nested_7::Nested "名前編集フォームに自分の名前が表示される" (./spec/spec 2/system/02_after_login_spec.rb:377)>[0m
       [36m# ./spec/spec 2/system/02_after_login_spec.rb:4:in `block (2 levels) in <main>'[0m

  129) [STEP2] ユーザログイン後のテスト 自分のユーザ情報編集画面のテスト 表示の確認 画像編集フォームが表示される
       [31mFailure/Error: let!(:user) { create(:user) }[0m
       [31m[0m
       [31mNoMethodError:[0m
       [31m  undefined method `create' for #<RSpec::ExampleGroups::STEP2::Nested_7::Nested "画像編集フォームが表示される" (./spec/spec 2/system/02_after_login_spec.rb:380)>[0m
       [36m# ./spec/spec 2/system/02_after_login_spec.rb:4:in `block (2 levels) in <main>'[0m

  130) [STEP2] ユーザログイン後のテスト 自分のユーザ情報編集画面のテスト 表示の確認 自己紹介編集フォームに自分の自己紹介文が表示される
       [31mFailure/Error: let!(:user) { create(:user) }[0m
       [31m[0m
       [31mNoMethodError:[0m
       [31m  undefined method `create' for #<RSpec::ExampleGroups::STEP2::Nested_7::Nested "自己紹介編集フォームに自分の自己紹介文が表示される" (./spec/spec 2/system/02_after_login_spec.rb:383)>[0m
       [36m# ./spec/spec 2/system/02_after_login_spec.rb:4:in `block (2 levels) in <main>'[0m

  131) [STEP2] ユーザログイン後のテスト 自分のユーザ情報編集画面のテスト 表示の確認 Update Userボタンが表示される
       [31mFailure/Error: let!(:user) { create(:user) }[0m
       [31m[0m
       [31mNoMethodError:[0m
       [31m  undefined method `create' for #<RSpec::ExampleGroups::STEP2::Nested_7::Nested "Update Userボタンが表示される" (./spec/spec 2/system/02_after_login_spec.rb:386)>[0m
       [36m# ./spec/spec 2/system/02_after_login_spec.rb:4:in `block (2 levels) in <main>'[0m

  132) [STEP2] ユーザログイン後のテスト 自分のユーザ情報編集画面のテスト 更新成功のテスト nameが正しく更新される
       [31mFailure/Error: let!(:user) { create(:user) }[0m
       [31m[0m
       [31mNoMethodError:[0m
       [31m  undefined method `create' for #<RSpec::ExampleGroups::STEP2::Nested_7::Nested_2 "nameが正しく更新される" (./spec/spec 2/system/02_after_login_spec.rb:402)>[0m
       [36m# ./spec/spec 2/system/02_after_login_spec.rb:4:in `block (2 levels) in <main>'[0m

  133) [STEP2] ユーザログイン後のテスト 自分のユーザ情報編集画面のテスト 更新成功のテスト introductionが正しく更新される
       [31mFailure/Error: let!(:user) { create(:user) }[0m
       [31m[0m
       [31mNoMethodError:[0m
       [31m  undefined method `create' for #<RSpec::ExampleGroups::STEP2::Nested_7::Nested_2 "introductionが正しく更新される" (./spec/spec 2/system/02_after_login_spec.rb:405)>[0m
       [36m# ./spec/spec 2/system/02_after_login_spec.rb:4:in `block (2 levels) in <main>'[0m

  134) [STEP2] ユーザログイン後のテスト 自分のユーザ情報編集画面のテスト 更新成功のテスト リダイレクト先が、自分のユーザ詳細画面になっている
       [31mFailure/Error: let!(:user) { create(:user) }[0m
       [31m[0m
       [31mNoMethodError:[0m
       [31m  undefined method `create' for #<RSpec::ExampleGroups::STEP2::Nested_7::Nested_2 "リダイレクト先が、自分のユーザ詳細画面になっている" (./spec/spec 2/system/02_after_login_spec.rb:408)>[0m
       [36m# ./spec/spec 2/system/02_after_login_spec.rb:4:in `block (2 levels) in <main>'[0m

  135) [STEP3] 仕上げのテスト サクセスメッセージのテスト ユーザ新規登録成功時
       [31mFailure/Error: let!(:user) { create(:user) }[0m
       [31m[0m
       [31mNoMethodError:[0m
       [31m  undefined method `create' for #<RSpec::ExampleGroups::STEP3::Nested "ユーザ新規登録成功時" (./spec/spec 2/system/03_finishing_touches_spec.rb:12)>[0m
       [36m# ./spec/spec 2/system/03_finishing_touches_spec.rb:4:in `block (2 levels) in <main>'[0m

  136) [STEP3] 仕上げのテスト サクセスメッセージのテスト ユーザログイン成功時
       [31mFailure/Error: let!(:user) { create(:user) }[0m
       [31m[0m
       [31mNoMethodError:[0m
       [31m  undefined method `create' for #<RSpec::ExampleGroups::STEP3::Nested "ユーザログイン成功時" (./spec/spec 2/system/03_finishing_touches_spec.rb:21)>[0m
       [36m# ./spec/spec 2/system/03_finishing_touches_spec.rb:4:in `block (2 levels) in <main>'[0m

  137) [STEP3] 仕上げのテスト サクセスメッセージのテスト ユーザログアウト成功時
       [31mFailure/Error: let!(:user) { create(:user) }[0m
       [31m[0m
       [31mNoMethodError:[0m
       [31m  undefined method `create' for #<RSpec::ExampleGroups::STEP3::Nested "ユーザログアウト成功時" (./spec/spec 2/system/03_finishing_touches_spec.rb:28)>[0m
       [36m# ./spec/spec 2/system/03_finishing_touches_spec.rb:4:in `block (2 levels) in <main>'[0m

  138) [STEP3] 仕上げのテスト サクセスメッセージのテスト ユーザのプロフィール情報更新成功時
       [31mFailure/Error: let!(:user) { create(:user) }[0m
       [31m[0m
       [31mNoMethodError:[0m
       [31m  undefined method `create' for #<RSpec::ExampleGroups::STEP3::Nested "ユーザのプロフィール情報更新成功時" (./spec/spec 2/system/03_finishing_touches_spec.rb:38)>[0m
       [36m# ./spec/spec 2/system/03_finishing_touches_spec.rb:4:in `block (2 levels) in <main>'[0m

  139) [STEP3] 仕上げのテスト サクセスメッセージのテスト 投稿データの新規投稿成功時: 投稿一覧画面から行います。
       [31mFailure/Error: let!(:user) { create(:user) }[0m
       [31m[0m
       [31mNoMethodError:[0m
       [31m  undefined method `create' for #<RSpec::ExampleGroups::STEP3::Nested "投稿データの新規投稿成功時: 投稿一覧画面から行います。" (./spec/spec 2/system/03_finishing_touches_spec.rb:47)>[0m
       [36m# ./spec/spec 2/system/03_finishing_touches_spec.rb:4:in `block (2 levels) in <main>'[0m

  140) [STEP3] 仕上げのテスト サクセスメッセージのテスト 投稿データの更新成功時
       [31mFailure/Error: let!(:user) { create(:user) }[0m
       [31m[0m
       [31mNoMethodError:[0m
       [31m  undefined method `create' for #<RSpec::ExampleGroups::STEP3::Nested "投稿データの更新成功時" (./spec/spec 2/system/03_finishing_touches_spec.rb:58)>[0m
       [36m# ./spec/spec 2/system/03_finishing_touches_spec.rb:4:in `block (2 levels) in <main>'[0m

  141) [STEP3] 仕上げのテスト 処理失敗時のテスト ユーザ新規登録失敗: nameを1文字にする 新規登録されない
       [31mFailure/Error: let!(:user) { create(:user) }[0m
       [31m[0m
       [31mNoMethodError:[0m
       [31m  undefined method `create' for #<RSpec::ExampleGroups::STEP3::Nested_2::Name1 "新規登録されない" (./spec/spec 2/system/03_finishing_touches_spec.rb:81)>[0m
       [36m# ./spec/spec 2/system/03_finishing_touches_spec.rb:4:in `block (2 levels) in <main>'[0m

  142) [STEP3] 仕上げのテスト 処理失敗時のテスト ユーザ新規登録失敗: nameを1文字にする 新規登録画面を表示しており、フォームの内容が正しい
       [31mFailure/Error: let!(:user) { create(:user) }[0m
       [31m[0m
       [31mNoMethodError:[0m
       [31m  undefined method `create' for #<RSpec::ExampleGroups::STEP3::Nested_2::Name1 "新規登録画面を表示しており、フォームの内容が正しい" (./spec/spec 2/system/03_finishing_touches_spec.rb:84)>[0m
       [36m# ./spec/spec 2/system/03_finishing_touches_spec.rb:4:in `block (2 levels) in <main>'[0m

  143) [STEP3] 仕上げのテスト 処理失敗時のテスト ユーザ新規登録失敗: nameを1文字にする バリデーションエラーが表示される
       [31mFailure/Error: let!(:user) { create(:user) }[0m
       [31m[0m
       [31mNoMethodError:[0m
       [31m  undefined method `create' for #<RSpec::ExampleGroups::STEP3::Nested_2::Name1 "バリデーションエラーが表示される" (./spec/spec 2/system/03_finishing_touches_spec.rb:90)>[0m
       [36m# ./spec/spec 2/system/03_finishing_touches_spec.rb:4:in `block (2 levels) in <main>'[0m

  144) [STEP3] 仕上げのテスト 処理失敗時のテスト ユーザのプロフィール情報編集失敗: nameを1文字にする 更新されない
       [31mFailure/Error: let!(:user) { create(:user) }[0m
       [31m[0m
       [31mNoMethodError:[0m
       [31m  undefined method `create' for #<RSpec::ExampleGroups::STEP3::Nested_2::Name1_2 "更新されない" (./spec/spec 2/system/03_finishing_touches_spec.rb:109)>[0m
       [36m# ./spec/spec 2/system/03_finishing_touches_spec.rb:4:in `block (2 levels) in <main>'[0m

  145) [STEP3] 仕上げのテスト 処理失敗時のテスト ユーザのプロフィール情報編集失敗: nameを1文字にする ユーザ編集画面を表示しており、フォームの内容が正しい
       [31mFailure/Error: let!(:user) { create(:user) }[0m
       [31m[0m
       [31mNoMethodError:[0m
       [31m  undefined method `create' for #<RSpec::ExampleGroups::STEP3::Nested_2::Name1_2 "ユーザ編集画面を表示しており、フォームの内容が正しい" (./spec/spec 2/system/03_finishing_touches_spec.rb:112)>[0m
       [36m# ./spec/spec 2/system/03_finishing_touches_spec.rb:4:in `block (2 levels) in <main>'[0m

  146) [STEP3] 仕上げのテスト 処理失敗時のテスト ユーザのプロフィール情報編集失敗: nameを1文字にする バリデーションエラーが表示される
       [31mFailure/Error: let!(:user) { create(:user) }[0m
       [31m[0m
       [31mNoMethodError:[0m
       [31m  undefined method `create' for #<RSpec::ExampleGroups::STEP3::Nested_2::Name1_2 "バリデーションエラーが表示される" (./spec/spec 2/system/03_finishing_touches_spec.rb:115)>[0m
       [36m# ./spec/spec 2/system/03_finishing_touches_spec.rb:4:in `block (2 levels) in <main>'[0m

  147) [STEP3] 仕上げのテスト 処理失敗時のテスト 投稿データの新規投稿失敗: 投稿一覧画面から行い、titleを空にする 投稿が保存されない
       [31mFailure/Error: let!(:user) { create(:user) }[0m
       [31m[0m
       [31mNoMethodError:[0m
       [31m  undefined method `create' for #<RSpec::ExampleGroups::STEP3::Nested_2::Title "投稿が保存されない" (./spec/spec 2/system/03_finishing_touches_spec.rb:131)>[0m
       [36m# ./spec/spec 2/system/03_finishing_touches_spec.rb:4:in `block (2 levels) in <main>'[0m

  148) [STEP3] 仕上げのテスト 処理失敗時のテスト 投稿データの新規投稿失敗: 投稿一覧画面から行い、titleを空にする 投稿一覧画面を表示している
       [31mFailure/Error: let!(:user) { create(:user) }[0m
       [31m[0m
       [31mNoMethodError:[0m
       [31m  undefined method `create' for #<RSpec::ExampleGroups::STEP3::Nested_2::Title "投稿一覧画面を表示している" (./spec/spec 2/system/03_finishing_touches_spec.rb:134)>[0m
       [36m# ./spec/spec 2/system/03_finishing_touches_spec.rb:4:in `block (2 levels) in <main>'[0m

  149) [STEP3] 仕上げのテスト 処理失敗時のテスト 投稿データの新規投稿失敗: 投稿一覧画面から行い、titleを空にする 新規投稿フォームの内容が正しい
       [31mFailure/Error: let!(:user) { create(:user) }[0m
       [31m[0m
       [31mNoMethodError:[0m
       [31m  undefined method `create' for #<RSpec::ExampleGroups::STEP3::Nested_2::Title "新規投稿フォームの内容が正しい" (./spec/spec 2/system/03_finishing_touches_spec.rb:140)>[0m
       [36m# ./spec/spec 2/system/03_finishing_touches_spec.rb:4:in `block (2 levels) in <main>'[0m

  150) [STEP3] 仕上げのテスト 処理失敗時のテスト 投稿データの新規投稿失敗: 投稿一覧画面から行い、titleを空にする バリデーションエラーが表示される
       [31mFailure/Error: let!(:user) { create(:user) }[0m
       [31m[0m
       [31mNoMethodError:[0m
       [31m  undefined method `create' for #<RSpec::ExampleGroups::STEP3::Nested_2::Title "バリデーションエラーが表示される" (./spec/spec 2/system/03_finishing_touches_spec.rb:144)>[0m
       [36m# ./spec/spec 2/system/03_finishing_touches_spec.rb:4:in `block (2 levels) in <main>'[0m

  151) [STEP3] 仕上げのテスト 処理失敗時のテスト 投稿データの更新失敗: titleを空にする 投稿が更新されない
       [31mFailure/Error: let!(:user) { create(:user) }[0m
       [31m[0m
       [31mNoMethodError:[0m
       [31m  undefined method `create' for #<RSpec::ExampleGroups::STEP3::Nested_2::Title_2 "投稿が更新されない" (./spec/spec 2/system/03_finishing_touches_spec.rb:162)>[0m
       [36m# ./spec/spec 2/system/03_finishing_touches_spec.rb:4:in `block (2 levels) in <main>'[0m

  152) [STEP3] 仕上げのテスト 処理失敗時のテスト 投稿データの更新失敗: titleを空にする 投稿編集画面を表示しており、フォームの内容が正しい
       [31mFailure/Error: let!(:user) { create(:user) }[0m
       [31m[0m
       [31mNoMethodError:[0m
       [31m  undefined method `create' for #<RSpec::ExampleGroups::STEP3::Nested_2::Title_2 "投稿編集画面を表示しており、フォームの内容が正しい" (./spec/spec 2/system/03_finishing_touches_spec.rb:165)>[0m
       [36m# ./spec/spec 2/system/03_finishing_touches_spec.rb:4:in `block (2 levels) in <main>'[0m

  153) [STEP3] 仕上げのテスト 処理失敗時のテスト 投稿データの更新失敗: titleを空にする エラーメッセージが表示される
       [31mFailure/Error: let!(:user) { create(:user) }[0m
       [31m[0m
       [31mNoMethodError:[0m
       [31m  undefined method `create' for #<RSpec::ExampleGroups::STEP3::Nested_2::Title_2 "エラーメッセージが表示される" (./spec/spec 2/system/03_finishing_touches_spec.rb:170)>[0m
       [36m# ./spec/spec 2/system/03_finishing_touches_spec.rb:4:in `block (2 levels) in <main>'[0m

  154) [STEP3] 仕上げのテスト ログインしていない場合のアクセス制限のテスト: アクセスできず、ログイン画面に遷移する ユーザ一覧画面
       [31mFailure/Error: let!(:user) { create(:user) }[0m
       [31m[0m
       [31mNoMethodError:[0m
       [31m  undefined method `create' for #<RSpec::ExampleGroups::STEP3::Nested_3 "ユーザ一覧画面" (./spec/spec 2/system/03_finishing_touches_spec.rb:179)>[0m
       [36m# ./spec/spec 2/system/03_finishing_touches_spec.rb:4:in `block (2 levels) in <main>'[0m

  155) [STEP3] 仕上げのテスト ログインしていない場合のアクセス制限のテスト: アクセスできず、ログイン画面に遷移する ユーザ詳細画面
       [31mFailure/Error: let!(:user) { create(:user) }[0m
       [31m[0m
       [31mNoMethodError:[0m
       [31m  undefined method `create' for #<RSpec::ExampleGroups::STEP3::Nested_3 "ユーザ詳細画面" (./spec/spec 2/system/03_finishing_touches_spec.rb:183)>[0m
       [36m# ./spec/spec 2/system/03_finishing_touches_spec.rb:4:in `block (2 levels) in <main>'[0m

  156) [STEP3] 仕上げのテスト ログインしていない場合のアクセス制限のテスト: アクセスできず、ログイン画面に遷移する ユーザ情報編集画面
       [31mFailure/Error: let!(:user) { create(:user) }[0m
       [31m[0m
       [31mNoMethodError:[0m
       [31m  undefined method `create' for #<RSpec::ExampleGroups::STEP3::Nested_3 "ユーザ情報編集画面" (./spec/spec 2/system/03_finishing_touches_spec.rb:187)>[0m
       [36m# ./spec/spec 2/system/03_finishing_touches_spec.rb:4:in `block (2 levels) in <main>'[0m

  157) [STEP3] 仕上げのテスト ログインしていない場合のアクセス制限のテスト: アクセスできず、ログイン画面に遷移する 投稿一覧画面
       [31mFailure/Error: let!(:user) { create(:user) }[0m
       [31m[0m
       [31mNoMethodError:[0m
       [31m  undefined method `create' for #<RSpec::ExampleGroups::STEP3::Nested_3 "投稿一覧画面" (./spec/spec 2/system/03_finishing_touches_spec.rb:191)>[0m
       [36m# ./spec/spec 2/system/03_finishing_touches_spec.rb:4:in `block (2 levels) in <main>'[0m

  158) [STEP3] 仕上げのテスト ログインしていない場合のアクセス制限のテスト: アクセスできず、ログイン画面に遷移する 投稿詳細画面
       [31mFailure/Error: let!(:user) { create(:user) }[0m
       [31m[0m
       [31mNoMethodError:[0m
       [31m  undefined method `create' for #<RSpec::ExampleGroups::STEP3::Nested_3 "投稿詳細画面" (./spec/spec 2/system/03_finishing_touches_spec.rb:195)>[0m
       [36m# ./spec/spec 2/system/03_finishing_touches_spec.rb:4:in `block (2 levels) in <main>'[0m

  159) [STEP3] 仕上げのテスト ログインしていない場合のアクセス制限のテスト: アクセスできず、ログイン画面に遷移する 投稿編集画面
       [31mFailure/Error: let!(:user) { create(:user) }[0m
       [31m[0m
       [31mNoMethodError:[0m
       [31m  undefined method `create' for #<RSpec::ExampleGroups::STEP3::Nested_3 "投稿編集画面" (./spec/spec 2/system/03_finishing_touches_spec.rb:199)>[0m
       [36m# ./spec/spec 2/system/03_finishing_touches_spec.rb:4:in `block (2 levels) in <main>'[0m

  160) [STEP3] 仕上げのテスト 他人の画面のテスト 他人の投稿詳細画面のテスト 表示内容の確認 URLが正しい
       [31mFailure/Error: let!(:user) { create(:user) }[0m
       [31m[0m
       [31mNoMethodError:[0m
       [31m  undefined method `create' for #<RSpec::ExampleGroups::STEP3::Nested_4::Nested::Nested "URLが正しい" (./spec/spec 2/system/03_finishing_touches_spec.rb:219)>[0m
       [36m# ./spec/spec 2/system/03_finishing_touches_spec.rb:4:in `block (2 levels) in <main>'[0m

  161) [STEP3] 仕上げのテスト 他人の画面のテスト 他人の投稿詳細画面のテスト 表示内容の確認 「Book detail」と表示される
       [31mFailure/Error: let!(:user) { create(:user) }[0m
       [31m[0m
       [31mNoMethodError:[0m
       [31m  undefined method `create' for #<RSpec::ExampleGroups::STEP3::Nested_4::Nested::Nested "「Book detail」と表示される" (./spec/spec 2/system/03_finishing_touches_spec.rb:222)>[0m
       [36m# ./spec/spec 2/system/03_finishing_touches_spec.rb:4:in `block (2 levels) in <main>'[0m

  162) [STEP3] 仕上げのテスト 他人の画面のテスト 他人の投稿詳細画面のテスト 表示内容の確認 ユーザ画像・名前のリンク先が正しい
       [31mFailure/Error: let!(:user) { create(:user) }[0m
       [31m[0m
       [31mNoMethodError:[0m
       [31m  undefined method `create' for #<RSpec::ExampleGroups::STEP3::Nested_4::Nested::Nested "ユーザ画像・名前のリンク先が正しい" (./spec/spec 2/system/03_finishing_touches_spec.rb:225)>[0m
       [36m# ./spec/spec 2/system/03_finishing_touches_spec.rb:4:in `block (2 levels) in <main>'[0m

  163) [STEP3] 仕上げのテスト 他人の画面のテスト 他人の投稿詳細画面のテスト 表示内容の確認 投稿のtitleが表示される
       [31mFailure/Error: let!(:user) { create(:user) }[0m
       [31m[0m
       [31mNoMethodError:[0m
       [31m  undefined method `create' for #<RSpec::ExampleGroups::STEP3::Nested_4::Nested::Nested "投稿のtitleが表示される" (./spec/spec 2/system/03_finishing_touches_spec.rb:228)>[0m
       [36m# ./spec/spec 2/system/03_finishing_touches_spec.rb:4:in `block (2 levels) in <main>'[0m

  164) [STEP3] 仕上げのテスト 他人の画面のテスト 他人の投稿詳細画面のテスト 表示内容の確認 投稿のopinionが表示される
       [31mFailure/Error: let!(:user) { create(:user) }[0m
       [31m[0m
       [31mNoMethodError:[0m
       [31m  undefined method `create' for #<RSpec::ExampleGroups::STEP3::Nested_4::Nested::Nested "投稿のopinionが表示される" (./spec/spec 2/system/03_finishing_touches_spec.rb:231)>[0m
       [36m# ./spec/spec 2/system/03_finishing_touches_spec.rb:4:in `block (2 levels) in <main>'[0m

  165) [STEP3] 仕上げのテスト 他人の画面のテスト 他人の投稿詳細画面のテスト 表示内容の確認 投稿の編集リンクが表示されない
       [31mFailure/Error: let!(:user) { create(:user) }[0m
       [31m[0m
       [31mNoMethodError:[0m
       [31m  undefined method `create' for #<RSpec::ExampleGroups::STEP3::Nested_4::Nested::Nested "投稿の編集リンクが表示されない" (./spec/spec 2/system/03_finishing_touches_spec.rb:234)>[0m
       [36m# ./spec/spec 2/system/03_finishing_touches_spec.rb:4:in `block (2 levels) in <main>'[0m

  166) [STEP3] 仕上げのテスト 他人の画面のテスト 他人の投稿詳細画面のテスト 表示内容の確認 投稿の削除リンクが表示されない
       [31mFailure/Error: let!(:user) { create(:user) }[0m
       [31m[0m
       [31mNoMethodError:[0m
       [31m  undefined method `create' for #<RSpec::ExampleGroups::STEP3::Nested_4::Nested::Nested "投稿の削除リンクが表示されない" (./spec/spec 2/system/03_finishing_touches_spec.rb:237)>[0m
       [36m# ./spec/spec 2/system/03_finishing_touches_spec.rb:4:in `block (2 levels) in <main>'[0m

  167) [STEP3] 仕上げのテスト 他人の画面のテスト 他人の投稿詳細画面のテスト サイドバーの確認 他人の名前と紹介文が表示される
       [31mFailure/Error: let!(:user) { create(:user) }[0m
       [31m[0m
       [31mNoMethodError:[0m
       [31m  undefined method `create' for #<RSpec::ExampleGroups::STEP3::Nested_4::Nested::Nested_2 "他人の名前と紹介文が表示される" (./spec/spec 2/system/03_finishing_touches_spec.rb:243)>[0m
       [36m# ./spec/spec 2/system/03_finishing_touches_spec.rb:4:in `block (2 levels) in <main>'[0m

  168) [STEP3] 仕上げのテスト 他人の画面のテスト 他人の投稿詳細画面のテスト サイドバーの確認 他人のユーザ編集画面へのリンクが存在する
       [31mFailure/Error: let!(:user) { create(:user) }[0m
       [31m[0m
       [31mNoMethodError:[0m
       [31m  undefined method `create' for #<RSpec::ExampleGroups::STEP3::Nested_4::Nested::Nested_2 "他人のユーザ編集画面へのリンクが存在する" (./spec/spec 2/system/03_finishing_touches_spec.rb:247)>[0m
       [36m# ./spec/spec 2/system/03_finishing_touches_spec.rb:4:in `block (2 levels) in <main>'[0m

  169) [STEP3] 仕上げのテスト 他人の画面のテスト 他人の投稿詳細画面のテスト サイドバーの確認 自分の名前と紹介文は表示されない
       [31mFailure/Error: let!(:user) { create(:user) }[0m
       [31m[0m
       [31mNoMethodError:[0m
       [31m  undefined method `create' for #<RSpec::ExampleGroups::STEP3::Nested_4::Nested::Nested_2 "自分の名前と紹介文は表示されない" (./spec/spec 2/system/03_finishing_touches_spec.rb:250)>[0m
       [36m# ./spec/spec 2/system/03_finishing_touches_spec.rb:4:in `block (2 levels) in <main>'[0m

  170) [STEP3] 仕上げのテスト 他人の画面のテスト 他人の投稿詳細画面のテスト サイドバーの確認 自分のユーザ編集画面へのリンクは存在しない
       [31mFailure/Error: let!(:user) { create(:user) }[0m
       [31m[0m
       [31mNoMethodError:[0m
       [31m  undefined method `create' for #<RSpec::ExampleGroups::STEP3::Nested_4::Nested::Nested_2 "自分のユーザ編集画面へのリンクは存在しない" (./spec/spec 2/system/03_finishing_touches_spec.rb:254)>[0m
       [36m# ./spec/spec 2/system/03_finishing_touches_spec.rb:4:in `block (2 levels) in <main>'[0m

  171) [STEP3] 仕上げのテスト 他人の画面のテスト 他人の投稿編集画面 遷移できず、投稿一覧画面にリダイレクトされる
       [31mFailure/Error: let!(:user) { create(:user) }[0m
       [31m[0m
       [31mNoMethodError:[0m
       [31m  undefined method `create' for #<RSpec::ExampleGroups::STEP3::Nested_4::Nested_2 "遷移できず、投稿一覧画面にリダイレクトされる" (./spec/spec 2/system/03_finishing_touches_spec.rb:265)>[0m
       [36m# ./spec/spec 2/system/03_finishing_touches_spec.rb:4:in `block (2 levels) in <main>'[0m

  172) [STEP3] 仕上げのテスト 他人の画面のテスト 他人のユーザ詳細画面のテスト 表示の確認 URLが正しい
       [31mFailure/Error: let!(:user) { create(:user) }[0m
       [31m[0m
       [31mNoMethodError:[0m
       [31m  undefined method `create' for #<RSpec::ExampleGroups::STEP3::Nested_4::Nested_3::Nested "URLが正しい" (./spec/spec 2/system/03_finishing_touches_spec.rb:279)>[0m
       [36m# ./spec/spec 2/system/03_finishing_touches_spec.rb:4:in `block (2 levels) in <main>'[0m

  173) [STEP3] 仕上げのテスト 他人の画面のテスト 他人のユーザ詳細画面のテスト 表示の確認 投稿一覧のユーザ画像のリンク先が正しい
       [31mFailure/Error: let!(:user) { create(:user) }[0m
       [31m[0m
       [31mNoMethodError:[0m
       [31m  undefined method `create' for #<RSpec::ExampleGroups::STEP3::Nested_4::Nested_3::Nested "投稿一覧のユーザ画像のリンク先が正しい" (./spec/spec 2/system/03_finishing_touches_spec.rb:282)>[0m
       [36m# ./spec/spec 2/system/03_finishing_touches_spec.rb:4:in `block (2 levels) in <main>'[0m

  174) [STEP3] 仕上げのテスト 他人の画面のテスト 他人のユーザ詳細画面のテスト 表示の確認 投稿一覧に他人の投稿のtitleが表示され、リンクが正しい
       [31mFailure/Error: let!(:user) { create(:user) }[0m
       [31m[0m
       [31mNoMethodError:[0m
       [31m  undefined method `create' for #<RSpec::ExampleGroups::STEP3::Nested_4::Nested_3::Nested "投稿一覧に他人の投稿のtitleが表示され、リンクが正しい" (./spec/spec 2/system/03_finishing_touches_spec.rb:285)>[0m
       [36m# ./spec/spec 2/system/03_finishing_touches_spec.rb:4:in `block (2 levels) in <main>'[0m

  175) [STEP3] 仕上げのテスト 他人の画面のテスト 他人のユーザ詳細画面のテスト 表示の確認 投稿一覧に他人の投稿のopinionが表示される
       [31mFailure/Error: let!(:user) { create(:user) }[0m
       [31m[0m
       [31mNoMethodError:[0m
       [31m  undefined method `create' for #<RSpec::ExampleGroups::STEP3::Nested_4::Nested_3::Nested "投稿一覧に他人の投稿のopinionが表示される" (./spec/spec 2/system/03_finishing_touches_spec.rb:288)>[0m
       [36m# ./spec/spec 2/system/03_finishing_touches_spec.rb:4:in `block (2 levels) in <main>'[0m

  176) [STEP3] 仕上げのテスト 他人の画面のテスト 他人のユーザ詳細画面のテスト 表示の確認 自分の投稿は表示されない
       [31mFailure/Error: let!(:user) { create(:user) }[0m
       [31m[0m
       [31mNoMethodError:[0m
       [31m  undefined method `create' for #<RSpec::ExampleGroups::STEP3::Nested_4::Nested_3::Nested "自分の投稿は表示されない" (./spec/spec 2/system/03_finishing_touches_spec.rb:291)>[0m
       [36m# ./spec/spec 2/system/03_finishing_touches_spec.rb:4:in `block (2 levels) in <main>'[0m

  177) [STEP3] 仕上げのテスト 他人の画面のテスト 他人のユーザ詳細画面のテスト サイドバーの確認 他人の名前と紹介文が表示される
       [31mFailure/Error: let!(:user) { create(:user) }[0m
       [31m[0m
       [31mNoMethodError:[0m
       [31m  undefined method `create' for #<RSpec::ExampleGroups::STEP3::Nested_4::Nested_3::Nested_2 "他人の名前と紹介文が表示される" (./spec/spec 2/system/03_finishing_touches_spec.rb:298)>[0m
       [36m# ./spec/spec 2/system/03_finishing_touches_spec.rb:4:in `block (2 levels) in <main>'[0m

  178) [STEP3] 仕上げのテスト 他人の画面のテスト 他人のユーザ詳細画面のテスト サイドバーの確認 他人のユーザ編集画面へのリンクが存在する
       [31mFailure/Error: let!(:user) { create(:user) }[0m
       [31m[0m
       [31mNoMethodError:[0m
       [31m  undefined method `create' for #<RSpec::ExampleGroups::STEP3::Nested_4::Nested_3::Nested_2 "他人のユーザ編集画面へのリンクが存在する" (./spec/spec 2/system/03_finishing_touches_spec.rb:302)>[0m
       [36m# ./spec/spec 2/system/03_finishing_touches_spec.rb:4:in `block (2 levels) in <main>'[0m

  179) [STEP3] 仕上げのテスト 他人の画面のテスト 他人のユーザ詳細画面のテスト サイドバーの確認 自分の名前と紹介文は表示されない
       [31mFailure/Error: let!(:user) { create(:user) }[0m
       [31m[0m
       [31mNoMethodError:[0m
       [31m  undefined method `create' for #<RSpec::ExampleGroups::STEP3::Nested_4::Nested_3::Nested_2 "自分の名前と紹介文は表示されない" (./spec/spec 2/system/03_finishing_touches_spec.rb:305)>[0m
       [36m# ./spec/spec 2/system/03_finishing_touches_spec.rb:4:in `block (2 levels) in <main>'[0m

  180) [STEP3] 仕上げのテスト 他人の画面のテスト 他人のユーザ詳細画面のテスト サイドバーの確認 自分のユーザ編集画面へのリンクは存在しない
       [31mFailure/Error: let!(:user) { create(:user) }[0m
       [31m[0m
       [31mNoMethodError:[0m
       [31m  undefined method `create' for #<RSpec::ExampleGroups::STEP3::Nested_4::Nested_3::Nested_2 "自分のユーザ編集画面へのリンクは存在しない" (./spec/spec 2/system/03_finishing_touches_spec.rb:309)>[0m
       [36m# ./spec/spec 2/system/03_finishing_touches_spec.rb:4:in `block (2 levels) in <main>'[0m

  181) [STEP3] 仕上げのテスト 他人の画面のテスト 他人のユーザ情報編集画面 遷移できず、自分のユーザ詳細画面にリダイレクトされる
       [31mFailure/Error: let!(:user) { create(:user) }[0m
       [31m[0m
       [31mNoMethodError:[0m
       [31m  undefined method `create' for #<RSpec::ExampleGroups::STEP3::Nested_4::Nested_4 "遷移できず、自分のユーザ詳細画面にリダイレクトされる" (./spec/spec 2/system/03_finishing_touches_spec.rb:316)>[0m
       [36m# ./spec/spec 2/system/03_finishing_touches_spec.rb:4:in `block (2 levels) in <main>'[0m

  182) [STEP3] 仕上げのテスト グリッドシステムのテスト: container, row, col-md-〇を正しく使えている ユーザ一覧画面
       [31mFailure/Error: let!(:user) { create(:user) }[0m
       [31m[0m
       [31mNoMethodError:[0m
       [31m  undefined method `create' for #<RSpec::ExampleGroups::STEP3::ContainerRowColMd "ユーザ一覧画面" (./spec/spec 2/system/03_finishing_touches_spec.rb:333)>[0m
       [36m# ./spec/spec 2/system/03_finishing_touches_spec.rb:4:in `block (2 levels) in <main>'[0m

  183) [STEP3] 仕上げのテスト グリッドシステムのテスト: container, row, col-md-〇を正しく使えている ユーザ詳細画面
       [31mFailure/Error: let!(:user) { create(:user) }[0m
       [31m[0m
       [31mNoMethodError:[0m
       [31m  undefined method `create' for #<RSpec::ExampleGroups::STEP3::ContainerRowColMd "ユーザ詳細画面" (./spec/spec 2/system/03_finishing_touches_spec.rb:338)>[0m
       [36m# ./spec/spec 2/system/03_finishing_touches_spec.rb:4:in `block (2 levels) in <main>'[0m

  184) [STEP3] 仕上げのテスト グリッドシステムのテスト: container, row, col-md-〇を正しく使えている 投稿一覧画面
       [31mFailure/Error: let!(:user) { create(:user) }[0m
       [31m[0m
       [31mNoMethodError:[0m
       [31m  undefined method `create' for #<RSpec::ExampleGroups::STEP3::ContainerRowColMd "投稿一覧画面" (./spec/spec 2/system/03_finishing_touches_spec.rb:343)>[0m
       [36m# ./spec/spec 2/system/03_finishing_touches_spec.rb:4:in `block (2 levels) in <main>'[0m

  185) [STEP3] 仕上げのテスト グリッドシステムのテスト: container, row, col-md-〇を正しく使えている 投稿詳細画面
       [31mFailure/Error: let!(:user) { create(:user) }[0m
       [31m[0m
       [31mNoMethodError:[0m
       [31m  undefined method `create' for #<RSpec::ExampleGroups::STEP3::ContainerRowColMd "投稿詳細画面" (./spec/spec 2/system/03_finishing_touches_spec.rb:348)>[0m
       [36m# ./spec/spec 2/system/03_finishing_touches_spec.rb:4:in `block (2 levels) in <main>'[0m

  186) [STEP3] 仕上げのテスト アイコンのテスト トップ画面 本のアイコンが表示される
       [31mFailure/Error: let!(:user) { create(:user) }[0m
       [31m[0m
       [31mNoMethodError:[0m
       [31m  undefined method `create' for #<RSpec::ExampleGroups::STEP3::Nested_5::Nested "本のアイコンが表示される" (./spec/spec 2/system/03_finishing_touches_spec.rb:363)>[0m
       [36m# ./spec/spec 2/system/03_finishing_touches_spec.rb:4:in `block (2 levels) in <main>'[0m

  187) [STEP3] 仕上げのテスト アイコンのテスト アバウト画面 本のアイコンが表示される
       [31mFailure/Error: let!(:user) { create(:user) }[0m
       [31m[0m
       [31mNoMethodError:[0m
       [31m  undefined method `create' for #<RSpec::ExampleGroups::STEP3::Nested_5::Nested_2 "本のアイコンが表示される" (./spec/spec 2/system/03_finishing_touches_spec.rb:375)>[0m
       [36m# ./spec/spec 2/system/03_finishing_touches_spec.rb:4:in `block (2 levels) in <main>'[0m

  188) [STEP3] 仕上げのテスト アイコンのテスト ヘッダー: ログインしていない場合 Homeリンクのアイコンが表示される
       [31mFailure/Error: let!(:user) { create(:user) }[0m
       [31m[0m
       [31mNoMethodError:[0m
       [31m  undefined method `create' for #<RSpec::ExampleGroups::STEP3::Nested_5::Nested_3 "Homeリンクのアイコンが表示される" (./spec/spec 2/system/03_finishing_touches_spec.rb:387)>[0m
       [36m# ./spec/spec 2/system/03_finishing_touches_spec.rb:4:in `block (2 levels) in <main>'[0m

  189) [STEP3] 仕上げのテスト アイコンのテスト ヘッダー: ログインしていない場合 Aboutリンクのアイコンが表示される
       [31mFailure/Error: let!(:user) { create(:user) }[0m
       [31m[0m
       [31mNoMethodError:[0m
       [31m  undefined method `create' for #<RSpec::ExampleGroups::STEP3::Nested_5::Nested_3 "Aboutリンクのアイコンが表示される" (./spec/spec 2/system/03_finishing_touches_spec.rb:390)>[0m
       [36m# ./spec/spec 2/system/03_finishing_touches_spec.rb:4:in `block (2 levels) in <main>'[0m

  190) [STEP3] 仕上げのテスト アイコンのテスト ヘッダー: ログインしていない場合 Sign upリンクのアイコンが表示される
       [31mFailure/Error: let!(:user) { create(:user) }[0m
       [31m[0m
       [31mNoMethodError:[0m
       [31m  undefined method `create' for #<RSpec::ExampleGroups::STEP3::Nested_5::Nested_3 "Sign upリンクのアイコンが表示される" (./spec/spec 2/system/03_finishing_touches_spec.rb:393)>[0m
       [36m# ./spec/spec 2/system/03_finishing_touches_spec.rb:4:in `block (2 levels) in <main>'[0m

  191) [STEP3] 仕上げのテスト アイコンのテスト ヘッダー: ログインしていない場合 Log inリンクのアイコンが表示される
       [31mFailure/Error: let!(:user) { create(:user) }[0m
       [31m[0m
       [31mNoMethodError:[0m
       [31m  undefined method `create' for #<RSpec::ExampleGroups::STEP3::Nested_5::Nested_3 "Log inリンクのアイコンが表示される" (./spec/spec 2/system/03_finishing_touches_spec.rb:396)>[0m
       [36m# ./spec/spec 2/system/03_finishing_touches_spec.rb:4:in `block (2 levels) in <main>'[0m

  192) [STEP3] 仕上げのテスト アイコンのテスト ヘッダー: ログインしている場合 Homeリンクのアイコンが表示される
       [31mFailure/Error: let!(:user) { create(:user) }[0m
       [31m[0m
       [31mNoMethodError:[0m
       [31m  undefined method `create' for #<RSpec::ExampleGroups::STEP3::Nested_5::Nested_4 "Homeリンクのアイコンが表示される" (./spec/spec 2/system/03_finishing_touches_spec.rb:411)>[0m
       [36m# ./spec/spec 2/system/03_finishing_touches_spec.rb:4:in `block (2 levels) in <main>'[0m

  193) [STEP3] 仕上げのテスト アイコンのテスト ヘッダー: ログインしている場合 Usersリンクのアイコンが表示される
       [31mFailure/Error: let!(:user) { create(:user) }[0m
       [31m[0m
       [31mNoMethodError:[0m
       [31m  undefined method `create' for #<RSpec::ExampleGroups::STEP3::Nested_5::Nested_4 "Usersリンクのアイコンが表示される" (./spec/spec 2/system/03_finishing_touches_spec.rb:414)>[0m
       [36m# ./spec/spec 2/system/03_finishing_touches_spec.rb:4:in `block (2 levels) in <main>'[0m

  194) [STEP3] 仕上げのテスト アイコンのテスト ヘッダー: ログインしている場合 Booksリンクのアイコンが表示される
       [31mFailure/Error: let!(:user) { create(:user) }[0m
       [31m[0m
       [31mNoMethodError:[0m
       [31m  undefined method `create' for #<RSpec::ExampleGroups::STEP3::Nested_5::Nested_4 "Booksリンクのアイコンが表示される" (./spec/spec 2/system/03_finishing_touches_spec.rb:417)>[0m
       [36m# ./spec/spec 2/system/03_finishing_touches_spec.rb:4:in `block (2 levels) in <main>'[0m

  195) [STEP3] 仕上げのテスト アイコンのテスト ヘッダー: ログインしている場合 Log outリンクのアイコンが表示される
       [31mFailure/Error: let!(:user) { create(:user) }[0m
       [31m[0m
       [31mNoMethodError:[0m
       [31m  undefined method `create' for #<RSpec::ExampleGroups::STEP3::Nested_5::Nested_4 "Log outリンクのアイコンが表示される" (./spec/spec 2/system/03_finishing_touches_spec.rb:420)>[0m
       [36m# ./spec/spec 2/system/03_finishing_touches_spec.rb:4:in `block (2 levels) in <main>'[0m

  196) [STEP3] 仕上げのテスト アイコンのテスト サイドバー ユーザ一覧画面でレンチアイコンが表示される
       [31mFailure/Error: let!(:user) { create(:user) }[0m
       [31m[0m
       [31mNoMethodError:[0m
       [31m  undefined method `create' for #<RSpec::ExampleGroups::STEP3::Nested_5::Nested_5 "ユーザ一覧画面でレンチアイコンが表示される" (./spec/spec 2/system/03_finishing_touches_spec.rb:435)>[0m
       [36m# ./spec/spec 2/system/03_finishing_touches_spec.rb:4:in `block (2 levels) in <main>'[0m

  197) [STEP3] 仕上げのテスト アイコンのテスト サイドバー ユーザ詳細画面でレンチアイコンが表示される
       [31mFailure/Error: let!(:user) { create(:user) }[0m
       [31m[0m
       [31mNoMethodError:[0m
       [31m  undefined method `create' for #<RSpec::ExampleGroups::STEP3::Nested_5::Nested_5 "ユーザ詳細画面でレンチアイコンが表示される" (./spec/spec 2/system/03_finishing_touches_spec.rb:439)>[0m
       [36m# ./spec/spec 2/system/03_finishing_touches_spec.rb:4:in `block (2 levels) in <main>'[0m

  198) [STEP3] 仕上げのテスト アイコンのテスト サイドバー 投稿一覧画面でレンチアイコンが表示される
       [31mFailure/Error: let!(:user) { create(:user) }[0m
       [31m[0m
       [31mNoMethodError:[0m
       [31m  undefined method `create' for #<RSpec::ExampleGroups::STEP3::Nested_5::Nested_5 "投稿一覧画面でレンチアイコンが表示される" (./spec/spec 2/system/03_finishing_touches_spec.rb:443)>[0m
       [36m# ./spec/spec 2/system/03_finishing_touches_spec.rb:4:in `block (2 levels) in <main>'[0m

  199) [STEP3] 仕上げのテスト アイコンのテスト サイドバー 投稿詳細画面でレンチアイコンが表示される
       [31mFailure/Error: let!(:user) { create(:user) }[0m
       [31m[0m
       [31mNoMethodError:[0m
       [31m  undefined method `create' for #<RSpec::ExampleGroups::STEP3::Nested_5::Nested_5 "投稿詳細画面でレンチアイコンが表示される" (./spec/spec 2/system/03_finishing_touches_spec.rb:447)>[0m
       [36m# ./spec/spec 2/system/03_finishing_touches_spec.rb:4:in `block (2 levels) in <main>'[0m

Finished in 0.28057 seconds (files took 1.36 seconds to load)
[31m201 examples, 199 failures[0m

Failed examples:

[31mrspec ./spec/spec 2/controllers/users_controller_spec.rb:14[0m [36m# UsersController GET #edit ログインユーザーの場合 レスポンスが成功すること[0m
[31mrspec ./spec/spec 2/controllers/users_controller_spec.rb:18[0m [36m# UsersController GET #edit ログインユーザーの場合 @userが正しく設定されていること[0m
[31mrspec ./spec/spec 2/models/book_spec.rb:11[0m [36m# Bookモデルのテスト バリデーションのテスト titleカラム 空欄でないこと[0m
[31mrspec ./spec/spec 2/models/book_spec.rb:18[0m [36m# Bookモデルのテスト バリデーションのテスト bodyカラム 空欄でないこと[0m
[31mrspec ./spec/spec 2/models/book_spec.rb:22[0m [36m# Bookモデルのテスト バリデーションのテスト bodyカラム 200文字以下であること: 200文字は〇[0m
[31mrspec ./spec/spec 2/models/book_spec.rb:26[0m [36m# Bookモデルのテスト バリデーションのテスト bodyカラム 200文字以下であること: 201文字は×[0m
[31mrspec ./spec/spec 2/models/user_spec.rb:11[0m [36m# Userモデルのテスト バリデーションのテスト nameカラム 空欄でないこと[0m
[31mrspec ./spec/spec 2/models/user_spec.rb:15[0m [36m# Userモデルのテスト バリデーションのテスト nameカラム 2文字以上であること: 1文字は×[0m
[31mrspec ./spec/spec 2/models/user_spec.rb:19[0m [36m# Userモデルのテスト バリデーションのテスト nameカラム 2文字以上であること: 2文字は〇[0m
[31mrspec ./spec/spec 2/models/user_spec.rb:23[0m [36m# Userモデルのテスト バリデーションのテスト nameカラム 20文字以下であること: 20文字は〇[0m
[31mrspec ./spec/spec 2/models/user_spec.rb:27[0m [36m# Userモデルのテスト バリデーションのテスト nameカラム 20文字以下であること: 21文字は×[0m
[31mrspec ./spec/spec 2/models/user_spec.rb:31[0m [36m# Userモデルのテスト バリデーションのテスト nameカラム 一意性があること[0m
[31mrspec ./spec/spec 2/models/user_spec.rb:38[0m [36m# Userモデルのテスト バリデーションのテスト introductionカラム 50文字以下であること: 50文字は〇[0m
[31mrspec ./spec/spec 2/models/user_spec.rb:42[0m [36m# Userモデルのテスト バリデーションのテスト introductionカラム 50文字以下であること: 51文字は×[0m
[31mrspec ./spec/spec 2/system/01_before_login_spec.rb:10[0m [36m# [STEP1] ユーザログイン前のテスト トップ画面のテスト 表示内容の確認 URLが正しい[0m
[31mrspec ./spec/spec 2/system/01_before_login_spec.rb:13[0m [36m# [STEP1] ユーザログイン前のテスト トップ画面のテスト 表示内容の確認 Log inリンクが表示される: 青色のボタンの表示が「Log in」である[0m
[31mrspec ./spec/spec 2/system/01_before_login_spec.rb:17[0m [36m# [STEP1] ユーザログイン前のテスト トップ画面のテスト 表示内容の確認 Log inリンクの内容が正しい[0m
[31mrspec ./spec/spec 2/system/01_before_login_spec.rb:21[0m [36m# [STEP1] ユーザログイン前のテスト トップ画面のテスト 表示内容の確認 Sign upリンクが表示される: 緑色のボタンの表示が「Sign up」である[0m
[31mrspec ./spec/spec 2/system/01_before_login_spec.rb:25[0m [36m# [STEP1] ユーザログイン前のテスト トップ画面のテスト 表示内容の確認 Sign upリンクの内容が正しい[0m
[31mrspec ./spec/spec 2/system/01_before_login_spec.rb:38[0m [36m# [STEP1] ユーザログイン前のテスト アバウト画面のテスト 表示内容の確認 URLが正しい[0m
[31mrspec ./spec/spec 2/system/01_before_login_spec.rb:50[0m [36m# [STEP1] ユーザログイン前のテスト ヘッダーのテスト: ログインしていない場合 表示内容の確認 Bookersリンクが表示される: 左上から1番目のリンクが「Bookers」である[0m
[31mrspec ./spec/spec 2/system/01_before_login_spec.rb:54[0m [36m# [STEP1] ユーザログイン前のテスト ヘッダーのテスト: ログインしていない場合 表示内容の確認 Homeリンクが表示される: 左上から2番目のリンクが「Home」である[0m
[31mrspec ./spec/spec 2/system/01_before_login_spec.rb:58[0m [36m# [STEP1] ユーザログイン前のテスト ヘッダーのテスト: ログインしていない場合 表示内容の確認 Aboutリンクが表示される: 左上から3番目のリンクが「About」である[0m
[31mrspec ./spec/spec 2/system/01_before_login_spec.rb:62[0m [36m# [STEP1] ユーザログイン前のテスト ヘッダーのテスト: ログインしていない場合 表示内容の確認 Sign upリンクが表示される: 左上から4番目のリンクが「Sign up」である[0m
[31mrspec ./spec/spec 2/system/01_before_login_spec.rb:66[0m [36m# [STEP1] ユーザログイン前のテスト ヘッダーのテスト: ログインしていない場合 表示内容の確認 Log inリンクが表示される: 左上から5番目のリンクが「Log in」である[0m
[31mrspec ./spec/spec 2/system/01_before_login_spec.rb:75[0m [36m# [STEP1] ユーザログイン前のテスト ヘッダーのテスト: ログインしていない場合 リンクの内容を確認 Bookersを押すと、トップ画面に遷移する[0m
[31mrspec ./spec/spec 2/system/01_before_login_spec.rb:82[0m [36m# [STEP1] ユーザログイン前のテスト ヘッダーのテスト: ログインしていない場合 リンクの内容を確認 Homeを押すと、トップ画面に遷移する[0m
[31mrspec ./spec/spec 2/system/01_before_login_spec.rb:89[0m [36m# [STEP1] ユーザログイン前のテスト ヘッダーのテスト: ログインしていない場合 リンクの内容を確認 Aboutを押すと、アバウト画面に遷移する[0m
[31mrspec ./spec/spec 2/system/01_before_login_spec.rb:95[0m [36m# [STEP1] ユーザログイン前のテスト ヘッダーのテスト: ログインしていない場合 リンクの内容を確認 Sign upを押すと、新規登録画面に遷移する[0m
[31mrspec ./spec/spec 2/system/01_before_login_spec.rb:101[0m [36m# [STEP1] ユーザログイン前のテスト ヘッダーのテスト: ログインしていない場合 リンクの内容を確認 Log inを押すと、ログイン画面に遷移する[0m
[31mrspec ./spec/spec 2/system/01_before_login_spec.rb:116[0m [36m# [STEP1] ユーザログイン前のテスト ユーザ新規登録のテスト 表示内容の確認 URLが正しい[0m
[31mrspec ./spec/spec 2/system/01_before_login_spec.rb:119[0m [36m# [STEP1] ユーザログイン前のテスト ユーザ新規登録のテスト 表示内容の確認 「Sign up」と表示される[0m
[31mrspec ./spec/spec 2/system/01_before_login_spec.rb:122[0m [36m# [STEP1] ユーザログイン前のテスト ユーザ新規登録のテスト 表示内容の確認 nameフォームが表示される[0m
[31mrspec ./spec/spec 2/system/01_before_login_spec.rb:125[0m [36m# [STEP1] ユーザログイン前のテスト ユーザ新規登録のテスト 表示内容の確認 emailフォームが表示される[0m
[31mrspec ./spec/spec 2/system/01_before_login_spec.rb:128[0m [36m# [STEP1] ユーザログイン前のテスト ユーザ新規登録のテスト 表示内容の確認 passwordフォームが表示される[0m
[31mrspec ./spec/spec 2/system/01_before_login_spec.rb:131[0m [36m# [STEP1] ユーザログイン前のテスト ユーザ新規登録のテスト 表示内容の確認 password_confirmationフォームが表示される[0m
[31mrspec ./spec/spec 2/system/01_before_login_spec.rb:134[0m [36m# [STEP1] ユーザログイン前のテスト ユーザ新規登録のテスト 表示内容の確認 Sign upボタンが表示される[0m
[31mrspec ./spec/spec 2/system/01_before_login_spec.rb:147[0m [36m# [STEP1] ユーザログイン前のテスト ユーザ新規登録のテスト 新規登録成功のテスト 正しく新規登録される[0m
[31mrspec ./spec/spec 2/system/01_before_login_spec.rb:150[0m [36m# [STEP1] ユーザログイン前のテスト ユーザ新規登録のテスト 新規登録成功のテスト 新規登録後のリダイレクト先が、新規登録できたユーザの詳細画面になっている[0m
[31mrspec ./spec/spec 2/system/01_before_login_spec.rb:165[0m [36m# [STEP1] ユーザログイン前のテスト ユーザログイン 表示内容の確認 URLが正しい[0m
[31mrspec ./spec/spec 2/system/01_before_login_spec.rb:168[0m [36m# [STEP1] ユーザログイン前のテスト ユーザログイン 表示内容の確認 「Log in」と表示される[0m
[31mrspec ./spec/spec 2/system/01_before_login_spec.rb:171[0m [36m# [STEP1] ユーザログイン前のテスト ユーザログイン 表示内容の確認 nameフォームが表示される[0m
[31mrspec ./spec/spec 2/system/01_before_login_spec.rb:174[0m [36m# [STEP1] ユーザログイン前のテスト ユーザログイン 表示内容の確認 passwordフォームが表示される[0m
[31mrspec ./spec/spec 2/system/01_before_login_spec.rb:177[0m [36m# [STEP1] ユーザログイン前のテスト ユーザログイン 表示内容の確認 Log inボタンが表示される[0m
[31mrspec ./spec/spec 2/system/01_before_login_spec.rb:180[0m [36m# [STEP1] ユーザログイン前のテスト ユーザログイン 表示内容の確認 emailフォームは表示されない[0m
[31mrspec ./spec/spec 2/system/01_before_login_spec.rb:192[0m [36m# [STEP1] ユーザログイン前のテスト ユーザログイン ログイン成功のテスト ログイン後のリダイレクト先が、ログインしたユーザの詳細画面になっている[0m
[31mrspec ./spec/spec 2/system/01_before_login_spec.rb:204[0m [36m# [STEP1] ユーザログイン前のテスト ユーザログイン ログイン失敗のテスト ログインに失敗し、ログイン画面にリダイレクトされる[0m
[31mrspec ./spec/spec 2/system/01_before_login_spec.rb:221[0m [36m# [STEP1] ユーザログイン前のテスト ヘッダーのテスト: ログインしている場合 ヘッダーの表示を確認 Bookersリンクが表示される: 左上から1番目のリンクが「Bookers」である[0m
[31mrspec ./spec/spec 2/system/01_before_login_spec.rb:225[0m [36m# [STEP1] ユーザログイン前のテスト ヘッダーのテスト: ログインしている場合 ヘッダーの表示を確認 Homeリンクが表示される: 左上から2番目のリンクが「Home」である[0m
[31mrspec ./spec/spec 2/system/01_before_login_spec.rb:229[0m [36m# [STEP1] ユーザログイン前のテスト ヘッダーのテスト: ログインしている場合 ヘッダーの表示を確認 Usersリンクが表示される: 左上から3番目のリンクが「Users」である[0m
[31mrspec ./spec/spec 2/system/01_before_login_spec.rb:233[0m [36m# [STEP1] ユーザログイン前のテスト ヘッダーのテスト: ログインしている場合 ヘッダーの表示を確認 Booksリンクが表示される: 左上から4番目のリンクが「Books」である[0m
[31mrspec ./spec/spec 2/system/01_before_login_spec.rb:237[0m [36m# [STEP1] ユーザログイン前のテスト ヘッダーのテスト: ログインしている場合 ヘッダーの表示を確認 Log outリンクが表示される: 左上から5番目のリンクが「Log out」である[0m
[31mrspec ./spec/spec 2/system/01_before_login_spec.rb:258[0m [36m# [STEP1] ユーザログイン前のテスト ユーザログアウトのテスト ログアウト機能のテスト 正しくログアウトできている: ログアウト後のリダイレクト先においてAbout画面へのリンクが存在する[0m
[31mrspec ./spec/spec 2/system/01_before_login_spec.rb:261[0m [36m# [STEP1] ユーザログイン前のテスト ユーザログアウトのテスト ログアウト機能のテスト ログアウト後のリダイレクト先が、トップになっている[0m
[31mrspec ./spec/spec 2/system/02_after_login_spec.rb:20[0m [36m# [STEP2] ユーザログイン後のテスト ヘッダーのテスト: ログインしている場合 リンクの内容を確認: ※logoutは『ユーザログアウトのテスト』でテスト済みになります。 Homeを押すと、自分のユーザ詳細画面に遷移する[0m
[31mrspec ./spec/spec 2/system/02_after_login_spec.rb:26[0m [36m# [STEP2] ユーザログイン後のテスト ヘッダーのテスト: ログインしている場合 リンクの内容を確認: ※logoutは『ユーザログアウトのテスト』でテスト済みになります。 Usersを押すと、ユーザ一覧画面に遷移する[0m
[31mrspec ./spec/spec 2/system/02_after_login_spec.rb:32[0m [36m# [STEP2] ユーザログイン後のテスト ヘッダーのテスト: ログインしている場合 リンクの内容を確認: ※logoutは『ユーザログアウトのテスト』でテスト済みになります。 Booksを押すと、投稿一覧画面に遷移する[0m
[31mrspec ./spec/spec 2/system/02_after_login_spec.rb:47[0m [36m# [STEP2] ユーザログイン後のテスト 投稿一覧画面のテスト 表示内容の確認 URLが正しい[0m
[31mrspec ./spec/spec 2/system/02_after_login_spec.rb:50[0m [36m# [STEP2] ユーザログイン後のテスト 投稿一覧画面のテスト 表示内容の確認 自分と他人の画像のリンク先が正しい[0m
[31mrspec ./spec/spec 2/system/02_after_login_spec.rb:54[0m [36m# [STEP2] ユーザログイン後のテスト 投稿一覧画面のテスト 表示内容の確認 自分の投稿と他人の投稿のタイトルのリンク先がそれぞれ正しい[0m
[31mrspec ./spec/spec 2/system/02_after_login_spec.rb:58[0m [36m# [STEP2] ユーザログイン後のテスト 投稿一覧画面のテスト 表示内容の確認 自分の投稿と他人の投稿のオピニオンが表示される[0m
[31mrspec ./spec/spec 2/system/02_after_login_spec.rb:65[0m [36m# [STEP2] ユーザログイン後のテスト 投稿一覧画面のテスト サイドバーの確認 自分の名前と紹介文が表示される[0m
[31mrspec ./spec/spec 2/system/02_after_login_spec.rb:69[0m [36m# [STEP2] ユーザログイン後のテスト 投稿一覧画面のテスト サイドバーの確認 自分のユーザ編集画面へのリンクが存在する[0m
[31mrspec ./spec/spec 2/system/02_after_login_spec.rb:72[0m [36m# [STEP2] ユーザログイン後のテスト 投稿一覧画面のテスト サイドバーの確認 「New book」と表示される[0m
[31mrspec ./spec/spec 2/system/02_after_login_spec.rb:75[0m [36m# [STEP2] ユーザログイン後のテスト 投稿一覧画面のテスト サイドバーの確認 titleフォームが表示される[0m
[31mrspec ./spec/spec 2/system/02_after_login_spec.rb:78[0m [36m# [STEP2] ユーザログイン後のテスト 投稿一覧画面のテスト サイドバーの確認 titleフォームに値が入っていない[0m
[31mrspec ./spec/spec 2/system/02_after_login_spec.rb:81[0m [36m# [STEP2] ユーザログイン後のテスト 投稿一覧画面のテスト サイドバーの確認 bodyフォームが表示される[0m
[31mrspec ./spec/spec 2/system/02_after_login_spec.rb:84[0m [36m# [STEP2] ユーザログイン後のテスト 投稿一覧画面のテスト サイドバーの確認 bodyフォームに値が入っていない[0m
[31mrspec ./spec/spec 2/system/02_after_login_spec.rb:87[0m [36m# [STEP2] ユーザログイン後のテスト 投稿一覧画面のテスト サイドバーの確認 Create Bookボタンが表示される[0m
[31mrspec ./spec/spec 2/system/02_after_login_spec.rb:98[0m [36m# [STEP2] ユーザログイン後のテスト 投稿一覧画面のテスト 投稿成功のテスト 自分の新しい投稿が正しく保存される[0m
[31mrspec ./spec/spec 2/system/02_after_login_spec.rb:101[0m [36m# [STEP2] ユーザログイン後のテスト 投稿一覧画面のテスト 投稿成功のテスト リダイレクト先が、保存できた投稿の詳細画面になっている[0m
[31mrspec ./spec/spec 2/system/02_after_login_spec.rb:114[0m [36m# [STEP2] ユーザログイン後のテスト 自分の投稿詳細画面のテスト 表示内容の確認 URLが正しい[0m
[31mrspec ./spec/spec 2/system/02_after_login_spec.rb:117[0m [36m# [STEP2] ユーザログイン後のテスト 自分の投稿詳細画面のテスト 表示内容の確認 「Book detail」と表示される[0m
[31mrspec ./spec/spec 2/system/02_after_login_spec.rb:120[0m [36m# [STEP2] ユーザログイン後のテスト 自分の投稿詳細画面のテスト 表示内容の確認 ユーザ画像・名前のリンク先が正しい[0m
[31mrspec ./spec/spec 2/system/02_after_login_spec.rb:123[0m [36m# [STEP2] ユーザログイン後のテスト 自分の投稿詳細画面のテスト 表示内容の確認 投稿のtitleが表示される[0m
[31mrspec ./spec/spec 2/system/02_after_login_spec.rb:126[0m [36m# [STEP2] ユーザログイン後のテスト 自分の投稿詳細画面のテスト 表示内容の確認 投稿のbodyが表示される[0m
[31mrspec ./spec/spec 2/system/02_after_login_spec.rb:129[0m [36m# [STEP2] ユーザログイン後のテスト 自分の投稿詳細画面のテスト 表示内容の確認 投稿の編集リンクが表示される[0m
[31mrspec ./spec/spec 2/system/02_after_login_spec.rb:132[0m [36m# [STEP2] ユーザログイン後のテスト 自分の投稿詳細画面のテスト 表示内容の確認 投稿の削除リンクが表示される[0m
[31mrspec ./spec/spec 2/system/02_after_login_spec.rb:138[0m [36m# [STEP2] ユーザログイン後のテスト 自分の投稿詳細画面のテスト サイドバーの確認 自分の名前と紹介文が表示される[0m
[31mrspec ./spec/spec 2/system/02_after_login_spec.rb:142[0m [36m# [STEP2] ユーザログイン後のテスト 自分の投稿詳細画面のテスト サイドバーの確認 自分のユーザ編集画面へのリンクが存在する[0m
[31mrspec ./spec/spec 2/system/02_after_login_spec.rb:145[0m [36m# [STEP2] ユーザログイン後のテスト 自分の投稿詳細画面のテスト サイドバーの確認 「New book」と表示される[0m
[31mrspec ./spec/spec 2/system/02_after_login_spec.rb:148[0m [36m# [STEP2] ユーザログイン後のテスト 自分の投稿詳細画面のテスト サイドバーの確認 titleフォームが表示される[0m
[31mrspec ./spec/spec 2/system/02_after_login_spec.rb:151[0m [36m# [STEP2] ユーザログイン後のテスト 自分の投稿詳細画面のテスト サイドバーの確認 titleフォームに値が入っていない[0m
[31mrspec ./spec/spec 2/system/02_after_login_spec.rb:154[0m [36m# [STEP2] ユーザログイン後のテスト 自分の投稿詳細画面のテスト サイドバーの確認 bodyフォームが表示される[0m
[31mrspec ./spec/spec 2/system/02_after_login_spec.rb:157[0m [36m# [STEP2] ユーザログイン後のテスト 自分の投稿詳細画面のテスト サイドバーの確認 bodyフォームに値が入っていない[0m
[31mrspec ./spec/spec 2/system/02_after_login_spec.rb:160[0m [36m# [STEP2] ユーザログイン後のテスト 自分の投稿詳細画面のテスト サイドバーの確認 Create Bookボタンが表示される[0m
[31mrspec ./spec/spec 2/system/02_after_login_spec.rb:171[0m [36m# [STEP2] ユーザログイン後のテスト 自分の投稿詳細画面のテスト 投稿成功のテスト 自分の新しい投稿が正しく保存される[0m
[31mrspec ./spec/spec 2/system/02_after_login_spec.rb:180[0m [36m# [STEP2] ユーザログイン後のテスト 自分の投稿詳細画面のテスト 編集リンクのテスト 編集画面に遷移する[0m
[31mrspec ./spec/spec 2/system/02_after_login_spec.rb:189[0m [36m# [STEP2] ユーザログイン後のテスト 自分の投稿詳細画面のテスト 削除リンクのテスト application.html.erbにjavascript_pack_tagを含んでいる[0m
[31mrspec ./spec/spec 2/system/02_after_login_spec.rb:203[0m [36m# [STEP2] ユーザログイン後のテスト 自分の投稿詳細画面のテスト 削除リンクのテスト 正しく削除される[0m
[31mrspec ./spec/spec 2/system/02_after_login_spec.rb:206[0m [36m# [STEP2] ユーザログイン後のテスト 自分の投稿詳細画面のテスト 削除リンクのテスト リダイレクト先が、投稿一覧画面になっている[0m
[31mrspec ./spec/spec 2/system/02_after_login_spec.rb:218[0m [36m# [STEP2] ユーザログイン後のテスト 自分の投稿編集画面のテスト 表示の確認 URLが正しい[0m
[31mrspec ./spec/spec 2/system/02_after_login_spec.rb:221[0m [36m# [STEP2] ユーザログイン後のテスト 自分の投稿編集画面のテスト 表示の確認 「Editing Book」と表示される[0m
[31mrspec ./spec/spec 2/system/02_after_login_spec.rb:224[0m [36m# [STEP2] ユーザログイン後のテスト 自分の投稿編集画面のテスト 表示の確認 title編集フォームが表示される[0m
[31mrspec ./spec/spec 2/system/02_after_login_spec.rb:227[0m [36m# [STEP2] ユーザログイン後のテスト 自分の投稿編集画面のテスト 表示の確認 body編集フォームが表示される[0m
[31mrspec ./spec/spec 2/system/02_after_login_spec.rb:230[0m [36m# [STEP2] ユーザログイン後のテスト 自分の投稿編集画面のテスト 表示の確認 Update Bookボタンが表示される[0m
[31mrspec ./spec/spec 2/system/02_after_login_spec.rb:233[0m [36m# [STEP2] ユーザログイン後のテスト 自分の投稿編集画面のテスト 表示の確認 Showリンクが表示される[0m
[31mrspec ./spec/spec 2/system/02_after_login_spec.rb:236[0m [36m# [STEP2] ユーザログイン後のテスト 自分の投稿編集画面のテスト 表示の確認 Backリンクが表示される[0m
[31mrspec ./spec/spec 2/system/02_after_login_spec.rb:250[0m [36m# [STEP2] ユーザログイン後のテスト 自分の投稿編集画面のテスト 編集成功のテスト titleが正しく更新される[0m
[31mrspec ./spec/spec 2/system/02_after_login_spec.rb:253[0m [36m# [STEP2] ユーザログイン後のテスト 自分の投稿編集画面のテスト 編集成功のテスト bodyが正しく更新される[0m
[31mrspec ./spec/spec 2/system/02_after_login_spec.rb:256[0m [36m# [STEP2] ユーザログイン後のテスト 自分の投稿編集画面のテスト 編集成功のテスト リダイレクト先が、更新した投稿の詳細画面になっている[0m
[31mrspec ./spec/spec 2/system/02_after_login_spec.rb:269[0m [36m# [STEP2] ユーザログイン後のテスト ユーザ一覧画面のテスト 表示内容の確認 URLが正しい[0m
[31mrspec ./spec/spec 2/system/02_after_login_spec.rb:272[0m [36m# [STEP2] ユーザログイン後のテスト ユーザ一覧画面のテスト 表示内容の確認 自分と他人の画像が表示される: fallbackの画像がサイドバーの1つ＋一覧(2人)の2つの計3つ存在する[0m
[31mrspec ./spec/spec 2/system/02_after_login_spec.rb:275[0m [36m# [STEP2] ユーザログイン後のテスト ユーザ一覧画面のテスト 表示内容の確認 自分と他人の名前がそれぞれ表示される[0m
[31mrspec ./spec/spec 2/system/02_after_login_spec.rb:279[0m [36m# [STEP2] ユーザログイン後のテスト ユーザ一覧画面のテスト 表示内容の確認 自分と他人のshowリンクがそれぞれ表示される[0m
[31mrspec ./spec/spec 2/system/02_after_login_spec.rb:286[0m [36m# [STEP2] ユーザログイン後のテスト ユーザ一覧画面のテスト サイドバーの確認 自分の名前と紹介文が表示される[0m
[31mrspec ./spec/spec 2/system/02_after_login_spec.rb:290[0m [36m# [STEP2] ユーザログイン後のテスト ユーザ一覧画面のテスト サイドバーの確認 自分のユーザ編集画面へのリンクが存在する[0m
[31mrspec ./spec/spec 2/system/02_after_login_spec.rb:293[0m [36m# [STEP2] ユーザログイン後のテスト ユーザ一覧画面のテスト サイドバーの確認 「New book」と表示される[0m
[31mrspec ./spec/spec 2/system/02_after_login_spec.rb:296[0m [36m# [STEP2] ユーザログイン後のテスト ユーザ一覧画面のテスト サイドバーの確認 titleフォームが表示される[0m
[31mrspec ./spec/spec 2/system/02_after_login_spec.rb:299[0m [36m# [STEP2] ユーザログイン後のテスト ユーザ一覧画面のテスト サイドバーの確認 titleフォームに値が入っていない[0m
[31mrspec ./spec/spec 2/system/02_after_login_spec.rb:302[0m [36m# [STEP2] ユーザログイン後のテスト ユーザ一覧画面のテスト サイドバーの確認 bodyフォームが表示される[0m
[31mrspec ./spec/spec 2/system/02_after_login_spec.rb:305[0m [36m# [STEP2] ユーザログイン後のテスト ユーザ一覧画面のテスト サイドバーの確認 bodyフォームに値が入っていない[0m
[31mrspec ./spec/spec 2/system/02_after_login_spec.rb:308[0m [36m# [STEP2] ユーザログイン後のテスト ユーザ一覧画面のテスト サイドバーの確認 Create Bookボタンが表示される[0m
[31mrspec ./spec/spec 2/system/02_after_login_spec.rb:320[0m [36m# [STEP2] ユーザログイン後のテスト 自分のユーザ詳細画面のテスト 表示の確認 URLが正しい[0m
[31mrspec ./spec/spec 2/system/02_after_login_spec.rb:323[0m [36m# [STEP2] ユーザログイン後のテスト 自分のユーザ詳細画面のテスト 表示の確認 投稿一覧のユーザ画像のリンク先が正しい[0m
[31mrspec ./spec/spec 2/system/02_after_login_spec.rb:326[0m [36m# [STEP2] ユーザログイン後のテスト 自分のユーザ詳細画面のテスト 表示の確認 投稿一覧に自分の投稿のtitleが表示され、リンクが正しい[0m
[31mrspec ./spec/spec 2/system/02_after_login_spec.rb:329[0m [36m# [STEP2] ユーザログイン後のテスト 自分のユーザ詳細画面のテスト 表示の確認 投稿一覧に自分の投稿のbodyが表示される[0m
[31mrspec ./spec/spec 2/system/02_after_login_spec.rb:332[0m [36m# [STEP2] ユーザログイン後のテスト 自分のユーザ詳細画面のテスト 表示の確認 他人の投稿は表示されない[0m
[31mrspec ./spec/spec 2/system/02_after_login_spec.rb:340[0m [36m# [STEP2] ユーザログイン後のテスト 自分のユーザ詳細画面のテスト サイドバーの確認 自分の名前と紹介文が表示される[0m
[31mrspec ./spec/spec 2/system/02_after_login_spec.rb:344[0m [36m# [STEP2] ユーザログイン後のテスト 自分のユーザ詳細画面のテスト サイドバーの確認 自分のユーザ編集画面へのリンクが存在する[0m
[31mrspec ./spec/spec 2/system/02_after_login_spec.rb:347[0m [36m# [STEP2] ユーザログイン後のテスト 自分のユーザ詳細画面のテスト サイドバーの確認 「New book」と表示される[0m
[31mrspec ./spec/spec 2/system/02_after_login_spec.rb:350[0m [36m# [STEP2] ユーザログイン後のテスト 自分のユーザ詳細画面のテスト サイドバーの確認 titleフォームが表示される[0m
[31mrspec ./spec/spec 2/system/02_after_login_spec.rb:353[0m [36m# [STEP2] ユーザログイン後のテスト 自分のユーザ詳細画面のテスト サイドバーの確認 titleフォームに値が入っていない[0m
[31mrspec ./spec/spec 2/system/02_after_login_spec.rb:356[0m [36m# [STEP2] ユーザログイン後のテスト 自分のユーザ詳細画面のテスト サイドバーの確認 bodyフォームが表示される[0m
[31mrspec ./spec/spec 2/system/02_after_login_spec.rb:359[0m [36m# [STEP2] ユーザログイン後のテスト 自分のユーザ詳細画面のテスト サイドバーの確認 bodyフォームに値が入っていない[0m
[31mrspec ./spec/spec 2/system/02_after_login_spec.rb:362[0m [36m# [STEP2] ユーザログイン後のテスト 自分のユーザ詳細画面のテスト サイドバーの確認 Create Bookボタンが表示される[0m
[31mrspec ./spec/spec 2/system/02_after_login_spec.rb:374[0m [36m# [STEP2] ユーザログイン後のテスト 自分のユーザ情報編集画面のテスト 表示の確認 URLが正しい[0m
[31mrspec ./spec/spec 2/system/02_after_login_spec.rb:377[0m [36m# [STEP2] ユーザログイン後のテスト 自分のユーザ情報編集画面のテスト 表示の確認 名前編集フォームに自分の名前が表示される[0m
[31mrspec ./spec/spec 2/system/02_after_login_spec.rb:380[0m [36m# [STEP2] ユーザログイン後のテスト 自分のユーザ情報編集画面のテスト 表示の確認 画像編集フォームが表示される[0m
[31mrspec ./spec/spec 2/system/02_after_login_spec.rb:383[0m [36m# [STEP2] ユーザログイン後のテスト 自分のユーザ情報編集画面のテスト 表示の確認 自己紹介編集フォームに自分の自己紹介文が表示される[0m
[31mrspec ./spec/spec 2/system/02_after_login_spec.rb:386[0m [36m# [STEP2] ユーザログイン後のテスト 自分のユーザ情報編集画面のテスト 表示の確認 Update Userボタンが表示される[0m
[31mrspec ./spec/spec 2/system/02_after_login_spec.rb:402[0m [36m# [STEP2] ユーザログイン後のテスト 自分のユーザ情報編集画面のテスト 更新成功のテスト nameが正しく更新される[0m
[31mrspec ./spec/spec 2/system/02_after_login_spec.rb:405[0m [36m# [STEP2] ユーザログイン後のテスト 自分のユーザ情報編集画面のテスト 更新成功のテスト introductionが正しく更新される[0m
[31mrspec ./spec/spec 2/system/02_after_login_spec.rb:408[0m [36m# [STEP2] ユーザログイン後のテスト 自分のユーザ情報編集画面のテスト 更新成功のテスト リダイレクト先が、自分のユーザ詳細画面になっている[0m
[31mrspec ./spec/spec 2/system/03_finishing_touches_spec.rb:12[0m [36m# [STEP3] 仕上げのテスト サクセスメッセージのテスト ユーザ新規登録成功時[0m
[31mrspec ./spec/spec 2/system/03_finishing_touches_spec.rb:21[0m [36m# [STEP3] 仕上げのテスト サクセスメッセージのテスト ユーザログイン成功時[0m
[31mrspec ./spec/spec 2/system/03_finishing_touches_spec.rb:28[0m [36m# [STEP3] 仕上げのテスト サクセスメッセージのテスト ユーザログアウト成功時[0m
[31mrspec ./spec/spec 2/system/03_finishing_touches_spec.rb:38[0m [36m# [STEP3] 仕上げのテスト サクセスメッセージのテスト ユーザのプロフィール情報更新成功時[0m
[31mrspec ./spec/spec 2/system/03_finishing_touches_spec.rb:47[0m [36m# [STEP3] 仕上げのテスト サクセスメッセージのテスト 投稿データの新規投稿成功時: 投稿一覧画面から行います。[0m
[31mrspec ./spec/spec 2/system/03_finishing_touches_spec.rb:58[0m [36m# [STEP3] 仕上げのテスト サクセスメッセージのテスト 投稿データの更新成功時[0m
[31mrspec ./spec/spec 2/system/03_finishing_touches_spec.rb:81[0m [36m# [STEP3] 仕上げのテスト 処理失敗時のテスト ユーザ新規登録失敗: nameを1文字にする 新規登録されない[0m
[31mrspec ./spec/spec 2/system/03_finishing_touches_spec.rb:84[0m [36m# [STEP3] 仕上げのテスト 処理失敗時のテスト ユーザ新規登録失敗: nameを1文字にする 新規登録画面を表示しており、フォームの内容が正しい[0m
[31mrspec ./spec/spec 2/system/03_finishing_touches_spec.rb:90[0m [36m# [STEP3] 仕上げのテスト 処理失敗時のテスト ユーザ新規登録失敗: nameを1文字にする バリデーションエラーが表示される[0m
[31mrspec ./spec/spec 2/system/03_finishing_touches_spec.rb:109[0m [36m# [STEP3] 仕上げのテスト 処理失敗時のテスト ユーザのプロフィール情報編集失敗: nameを1文字にする 更新されない[0m
[31mrspec ./spec/spec 2/system/03_finishing_touches_spec.rb:112[0m [36m# [STEP3] 仕上げのテスト 処理失敗時のテスト ユーザのプロフィール情報編集失敗: nameを1文字にする ユーザ編集画面を表示しており、フォームの内容が正しい[0m
[31mrspec ./spec/spec 2/system/03_finishing_touches_spec.rb:115[0m [36m# [STEP3] 仕上げのテスト 処理失敗時のテスト ユーザのプロフィール情報編集失敗: nameを1文字にする バリデーションエラーが表示される[0m
[31mrspec ./spec/spec 2/system/03_finishing_touches_spec.rb:131[0m [36m# [STEP3] 仕上げのテスト 処理失敗時のテスト 投稿データの新規投稿失敗: 投稿一覧画面から行い、titleを空にする 投稿が保存されない[0m
[31mrspec ./spec/spec 2/system/03_finishing_touches_spec.rb:134[0m [36m# [STEP3] 仕上げのテスト 処理失敗時のテスト 投稿データの新規投稿失敗: 投稿一覧画面から行い、titleを空にする 投稿一覧画面を表示している[0m
[31mrspec ./spec/spec 2/system/03_finishing_touches_spec.rb:140[0m [36m# [STEP3] 仕上げのテスト 処理失敗時のテスト 投稿データの新規投稿失敗: 投稿一覧画面から行い、titleを空にする 新規投稿フォームの内容が正しい[0m
[31mrspec ./spec/spec 2/system/03_finishing_touches_spec.rb:144[0m [36m# [STEP3] 仕上げのテスト 処理失敗時のテスト 投稿データの新規投稿失敗: 投稿一覧画面から行い、titleを空にする バリデーションエラーが表示される[0m
[31mrspec ./spec/spec 2/system/03_finishing_touches_spec.rb:162[0m [36m# [STEP3] 仕上げのテスト 処理失敗時のテスト 投稿データの更新失敗: titleを空にする 投稿が更新されない[0m
[31mrspec ./spec/spec 2/system/03_finishing_touches_spec.rb:165[0m [36m# [STEP3] 仕上げのテスト 処理失敗時のテスト 投稿データの更新失敗: titleを空にする 投稿編集画面を表示しており、フォームの内容が正しい[0m
[31mrspec ./spec/spec 2/system/03_finishing_touches_spec.rb:170[0m [36m# [STEP3] 仕上げのテスト 処理失敗時のテスト 投稿データの更新失敗: titleを空にする エラーメッセージが表示される[0m
[31mrspec ./spec/spec 2/system/03_finishing_touches_spec.rb:179[0m [36m# [STEP3] 仕上げのテスト ログインしていない場合のアクセス制限のテスト: アクセスできず、ログイン画面に遷移する ユーザ一覧画面[0m
[31mrspec ./spec/spec 2/system/03_finishing_touches_spec.rb:183[0m [36m# [STEP3] 仕上げのテスト ログインしていない場合のアクセス制限のテスト: アクセスできず、ログイン画面に遷移する ユーザ詳細画面[0m
[31mrspec ./spec/spec 2/system/03_finishing_touches_spec.rb:187[0m [36m# [STEP3] 仕上げのテスト ログインしていない場合のアクセス制限のテスト: アクセスできず、ログイン画面に遷移する ユーザ情報編集画面[0m
[31mrspec ./spec/spec 2/system/03_finishing_touches_spec.rb:191[0m [36m# [STEP3] 仕上げのテスト ログインしていない場合のアクセス制限のテスト: アクセスできず、ログイン画面に遷移する 投稿一覧画面[0m
[31mrspec ./spec/spec 2/system/03_finishing_touches_spec.rb:195[0m [36m# [STEP3] 仕上げのテスト ログインしていない場合のアクセス制限のテスト: アクセスできず、ログイン画面に遷移する 投稿詳細画面[0m
[31mrspec ./spec/spec 2/system/03_finishing_touches_spec.rb:199[0m [36m# [STEP3] 仕上げのテスト ログインしていない場合のアクセス制限のテスト: アクセスできず、ログイン画面に遷移する 投稿編集画面[0m
[31mrspec ./spec/spec 2/system/03_finishing_touches_spec.rb:219[0m [36m# [STEP3] 仕上げのテスト 他人の画面のテスト 他人の投稿詳細画面のテスト 表示内容の確認 URLが正しい[0m
[31mrspec ./spec/spec 2/system/03_finishing_touches_spec.rb:222[0m [36m# [STEP3] 仕上げのテスト 他人の画面のテスト 他人の投稿詳細画面のテスト 表示内容の確認 「Book detail」と表示される[0m
[31mrspec ./spec/spec 2/system/03_finishing_touches_spec.rb:225[0m [36m# [STEP3] 仕上げのテスト 他人の画面のテスト 他人の投稿詳細画面のテスト 表示内容の確認 ユーザ画像・名前のリンク先が正しい[0m
[31mrspec ./spec/spec 2/system/03_finishing_touches_spec.rb:228[0m [36m# [STEP3] 仕上げのテスト 他人の画面のテスト 他人の投稿詳細画面のテスト 表示内容の確認 投稿のtitleが表示される[0m
[31mrspec ./spec/spec 2/system/03_finishing_touches_spec.rb:231[0m [36m# [STEP3] 仕上げのテスト 他人の画面のテスト 他人の投稿詳細画面のテスト 表示内容の確認 投稿のopinionが表示される[0m
[31mrspec ./spec/spec 2/system/03_finishing_touches_spec.rb:234[0m [36m# [STEP3] 仕上げのテスト 他人の画面のテスト 他人の投稿詳細画面のテスト 表示内容の確認 投稿の編集リンクが表示されない[0m
[31mrspec ./spec/spec 2/system/03_finishing_touches_spec.rb:237[0m [36m# [STEP3] 仕上げのテスト 他人の画面のテスト 他人の投稿詳細画面のテスト 表示内容の確認 投稿の削除リンクが表示されない[0m
[31mrspec ./spec/spec 2/system/03_finishing_touches_spec.rb:243[0m [36m# [STEP3] 仕上げのテスト 他人の画面のテスト 他人の投稿詳細画面のテスト サイドバーの確認 他人の名前と紹介文が表示される[0m
[31mrspec ./spec/spec 2/system/03_finishing_touches_spec.rb:247[0m [36m# [STEP3] 仕上げのテスト 他人の画面のテスト 他人の投稿詳細画面のテスト サイドバーの確認 他人のユーザ編集画面へのリンクが存在する[0m
[31mrspec ./spec/spec 2/system/03_finishing_touches_spec.rb:250[0m [36m# [STEP3] 仕上げのテスト 他人の画面のテスト 他人の投稿詳細画面のテスト サイドバーの確認 自分の名前と紹介文は表示されない[0m
[31mrspec ./spec/spec 2/system/03_finishing_touches_spec.rb:254[0m [36m# [STEP3] 仕上げのテスト 他人の画面のテスト 他人の投稿詳細画面のテスト サイドバーの確認 自分のユーザ編集画面へのリンクは存在しない[0m
[31mrspec ./spec/spec 2/system/03_finishing_touches_spec.rb:265[0m [36m# [STEP3] 仕上げのテスト 他人の画面のテスト 他人の投稿編集画面 遷移できず、投稿一覧画面にリダイレクトされる[0m
[31mrspec ./spec/spec 2/system/03_finishing_touches_spec.rb:279[0m [36m# [STEP3] 仕上げのテスト 他人の画面のテスト 他人のユーザ詳細画面のテスト 表示の確認 URLが正しい[0m
[31mrspec ./spec/spec 2/system/03_finishing_touches_spec.rb:282[0m [36m# [STEP3] 仕上げのテスト 他人の画面のテスト 他人のユーザ詳細画面のテスト 表示の確認 投稿一覧のユーザ画像のリンク先が正しい[0m
[31mrspec ./spec/spec 2/system/03_finishing_touches_spec.rb:285[0m [36m# [STEP3] 仕上げのテスト 他人の画面のテスト 他人のユーザ詳細画面のテスト 表示の確認 投稿一覧に他人の投稿のtitleが表示され、リンクが正しい[0m
[31mrspec ./spec/spec 2/system/03_finishing_touches_spec.rb:288[0m [36m# [STEP3] 仕上げのテスト 他人の画面のテスト 他人のユーザ詳細画面のテスト 表示の確認 投稿一覧に他人の投稿のopinionが表示される[0m
[31mrspec ./spec/spec 2/system/03_finishing_touches_spec.rb:291[0m [36m# [STEP3] 仕上げのテスト 他人の画面のテスト 他人のユーザ詳細画面のテスト 表示の確認 自分の投稿は表示されない[0m
[31mrspec ./spec/spec 2/system/03_finishing_touches_spec.rb:298[0m [36m# [STEP3] 仕上げのテスト 他人の画面のテスト 他人のユーザ詳細画面のテスト サイドバーの確認 他人の名前と紹介文が表示される[0m
[31mrspec ./spec/spec 2/system/03_finishing_touches_spec.rb:302[0m [36m# [STEP3] 仕上げのテスト 他人の画面のテスト 他人のユーザ詳細画面のテスト サイドバーの確認 他人のユーザ編集画面へのリンクが存在する[0m
[31mrspec ./spec/spec 2/system/03_finishing_touches_spec.rb:305[0m [36m# [STEP3] 仕上げのテスト 他人の画面のテスト 他人のユーザ詳細画面のテスト サイドバーの確認 自分の名前と紹介文は表示されない[0m
[31mrspec ./spec/spec 2/system/03_finishing_touches_spec.rb:309[0m [36m# [STEP3] 仕上げのテスト 他人の画面のテスト 他人のユーザ詳細画面のテスト サイドバーの確認 自分のユーザ編集画面へのリンクは存在しない[0m
[31mrspec ./spec/spec 2/system/03_finishing_touches_spec.rb:316[0m [36m# [STEP3] 仕上げのテスト 他人の画面のテスト 他人のユーザ情報編集画面 遷移できず、自分のユーザ詳細画面にリダイレクトされる[0m
[31mrspec ./spec/spec 2/system/03_finishing_touches_spec.rb:333[0m [36m# [STEP3] 仕上げのテスト グリッドシステムのテスト: container, row, col-md-〇を正しく使えている ユーザ一覧画面[0m
[31mrspec ./spec/spec 2/system/03_finishing_touches_spec.rb:338[0m [36m# [STEP3] 仕上げのテスト グリッドシステムのテスト: container, row, col-md-〇を正しく使えている ユーザ詳細画面[0m
[31mrspec ./spec/spec 2/system/03_finishing_touches_spec.rb:343[0m [36m# [STEP3] 仕上げのテスト グリッドシステムのテスト: container, row, col-md-〇を正しく使えている 投稿一覧画面[0m
[31mrspec ./spec/spec 2/system/03_finishing_touches_spec.rb:348[0m [36m# [STEP3] 仕上げのテスト グリッドシステムのテスト: container, row, col-md-〇を正しく使えている 投稿詳細画面[0m
[31mrspec ./spec/spec 2/system/03_finishing_touches_spec.rb:363[0m [36m# [STEP3] 仕上げのテスト アイコンのテスト トップ画面 本のアイコンが表示される[0m
[31mrspec ./spec/spec 2/system/03_finishing_touches_spec.rb:375[0m [36m# [STEP3] 仕上げのテスト アイコンのテスト アバウト画面 本のアイコンが表示される[0m
[31mrspec ./spec/spec 2/system/03_finishing_touches_spec.rb:387[0m [36m# [STEP3] 仕上げのテスト アイコンのテスト ヘッダー: ログインしていない場合 Homeリンクのアイコンが表示される[0m
[31mrspec ./spec/spec 2/system/03_finishing_touches_spec.rb:390[0m [36m# [STEP3] 仕上げのテスト アイコンのテスト ヘッダー: ログインしていない場合 Aboutリンクのアイコンが表示される[0m
[31mrspec ./spec/spec 2/system/03_finishing_touches_spec.rb:393[0m [36m# [STEP3] 仕上げのテスト アイコンのテスト ヘッダー: ログインしていない場合 Sign upリンクのアイコンが表示される[0m
[31mrspec ./spec/spec 2/system/03_finishing_touches_spec.rb:396[0m [36m# [STEP3] 仕上げのテスト アイコンのテスト ヘッダー: ログインしていない場合 Log inリンクのアイコンが表示される[0m
[31mrspec ./spec/spec 2/system/03_finishing_touches_spec.rb:411[0m [36m# [STEP3] 仕上げのテスト アイコンのテスト ヘッダー: ログインしている場合 Homeリンクのアイコンが表示される[0m
[31mrspec ./spec/spec 2/system/03_finishing_touches_spec.rb:414[0m [36m# [STEP3] 仕上げのテスト アイコンのテスト ヘッダー: ログインしている場合 Usersリンクのアイコンが表示される[0m
[31mrspec ./spec/spec 2/system/03_finishing_touches_spec.rb:417[0m [36m# [STEP3] 仕上げのテスト アイコンのテスト ヘッダー: ログインしている場合 Booksリンクのアイコンが表示される[0m
[31mrspec ./spec/spec 2/system/03_finishing_touches_spec.rb:420[0m [36m# [STEP3] 仕上げのテスト アイコンのテスト ヘッダー: ログインしている場合 Log outリンクのアイコンが表示される[0m
[31mrspec ./spec/spec 2/system/03_finishing_touches_spec.rb:435[0m [36m# [STEP3] 仕上げのテスト アイコンのテスト サイドバー ユーザ一覧画面でレンチアイコンが表示される[0m
[31mrspec ./spec/spec 2/system/03_finishing_touches_spec.rb:439[0m [36m# [STEP3] 仕上げのテスト アイコンのテスト サイドバー ユーザ詳細画面でレンチアイコンが表示される[0m
[31mrspec ./spec/spec 2/system/03_finishing_touches_spec.rb:443[0m [36m# [STEP3] 仕上げのテスト アイコンのテスト サイドバー 投稿一覧画面でレンチアイコンが表示される[0m
[31mrspec ./spec/spec 2/system/03_finishing_touches_spec.rb:447[0m [36m# [STEP3] 仕上げのテスト アイコンのテスト サイドバー 投稿詳細画面でレンチアイコンが表示される[0m

